{"D:\\GitHub\\TRISOUL-Triathlon-E-commerce-REACT-REDUX\\frontend\\src\\App.jsx": {"path":"D:\\GitHub\\TRISOUL-Triathlon-E-commerce-REACT-REDUX\\frontend\\src\\App.jsx","statementMap":{"0":{"start":{"line":30,"column":15},"end":{"line":30,"column":49}},"1":{"start":{"line":30,"column":38},"end":{"line":30,"column":48}},"2":{"start":{"line":31,"column":44},"end":{"line":31,"column":59}},"3":{"start":{"line":32,"column":24},"end":{"line":32,"column":28}},"4":{"start":{"line":33,"column":21},"end":{"line":33,"column":61}},"5":{"start":{"line":33,"column":44},"end":{"line":33,"column":60}},"6":{"start":{"line":34,"column":23},"end":{"line":34,"column":33}},"7":{"start":{"line":35,"column":19},"end":{"line":35,"column":32}},"8":{"start":{"line":36,"column":25},"end":{"line":38,"column":3}},"9":{"start":{"line":37,"column":4},"end":{"line":37,"column":24}},"10":{"start":{"line":41,"column":30},"end":{"line":41,"column":79}},"11":{"start":{"line":41,"column":53},"end":{"line":41,"column":78}},"12":{"start":{"line":46,"column":6},"end":{"line":46,"column":25}},"13":{"start":{"line":48,"column":2},"end":{"line":50,"column":17}},"14":{"start":{"line":49,"column":4},"end":{"line":49,"column":38}},"15":{"start":{"line":52,"column":2},"end":{"line":181,"column":4}},"16":{"start":{"line":60,"column":29},"end":{"line":60,"column":51}},"17":{"start":{"line":71,"column":16},"end":{"line":71,"column":57}},"18":{"start":{"line":132,"column":31},"end":{"line":132,"column":54}},"19":{"start":{"line":145,"column":16},"end":{"line":152,"column":21}},"20":{"start":{"line":148,"column":35},"end":{"line":148,"column":58}}},"fnMap":{"0":{"name":"App","decl":{"start":{"line":29,"column":9},"end":{"line":29,"column":12}},"loc":{"start":{"line":29,"column":15},"end":{"line":182,"column":1}},"line":29},"1":{"name":"(anonymous_1)","decl":{"start":{"line":30,"column":27},"end":{"line":30,"column":28}},"loc":{"start":{"line":30,"column":38},"end":{"line":30,"column":48}},"line":30},"2":{"name":"(anonymous_2)","decl":{"start":{"line":33,"column":33},"end":{"line":33,"column":34}},"loc":{"start":{"line":33,"column":44},"end":{"line":33,"column":60}},"line":33},"3":{"name":"(anonymous_3)","decl":{"start":{"line":36,"column":25},"end":{"line":36,"column":26}},"loc":{"start":{"line":36,"column":31},"end":{"line":38,"column":3}},"line":36},"4":{"name":"(anonymous_4)","decl":{"start":{"line":41,"column":42},"end":{"line":41,"column":43}},"loc":{"start":{"line":41,"column":53},"end":{"line":41,"column":78}},"line":41},"5":{"name":"(anonymous_5)","decl":{"start":{"line":48,"column":12},"end":{"line":48,"column":13}},"loc":{"start":{"line":48,"column":18},"end":{"line":50,"column":3}},"line":48},"6":{"name":"(anonymous_6)","decl":{"start":{"line":60,"column":23},"end":{"line":60,"column":24}},"loc":{"start":{"line":60,"column":29},"end":{"line":60,"column":51}},"line":60},"7":{"name":"(anonymous_7)","decl":{"start":{"line":70,"column":22},"end":{"line":70,"column":23}},"loc":{"start":{"line":71,"column":16},"end":{"line":71,"column":57}},"line":71},"8":{"name":"(anonymous_8)","decl":{"start":{"line":132,"column":25},"end":{"line":132,"column":26}},"loc":{"start":{"line":132,"column":31},"end":{"line":132,"column":54}},"line":132},"9":{"name":"(anonymous_9)","decl":{"start":{"line":144,"column":29},"end":{"line":144,"column":30}},"loc":{"start":{"line":145,"column":16},"end":{"line":152,"column":21}},"line":145},"10":{"name":"(anonymous_10)","decl":{"start":{"line":148,"column":29},"end":{"line":148,"column":30}},"loc":{"start":{"line":148,"column":35},"end":{"line":148,"column":58}},"line":148}},"branchMap":{"0":{"loc":{"start":{"line":78,"column":15},"end":{"line":80,"column":15}},"type":"binary-expr","locations":[{"start":{"line":78,"column":15},"end":{"line":78,"column":35}},{"start":{"line":79,"column":16},"end":{"line":79,"column":65}}],"line":78},"1":{"loc":{"start":{"line":82,"column":13},"end":{"line":103,"column":13}},"type":"cond-expr","locations":[{"start":{"line":83,"column":14},"end":{"line":100,"column":20}},{"start":{"line":102,"column":14},"end":{"line":102,"column":47}}],"line":82},"2":{"loc":{"start":{"line":104,"column":13},"end":{"line":124,"column":13}},"type":"binary-expr","locations":[{"start":{"line":104,"column":13},"end":{"line":104,"column":21}},{"start":{"line":104,"column":25},"end":{"line":104,"column":41}},{"start":{"line":105,"column":14},"end":{"line":123,"column":20}}],"line":104},"3":{"loc":{"start":{"line":127,"column":26},"end":{"line":127,"column":53}},"type":"cond-expr","locations":[{"start":{"line":127,"column":42},"end":{"line":127,"column":48}},{"start":{"line":127,"column":51},"end":{"line":127,"column":53}}],"line":127},"4":{"loc":{"start":{"line":139,"column":13},"end":{"line":154,"column":13}},"type":"cond-expr","locations":[{"start":{"line":140,"column":14},"end":{"line":140,"column":39}},{"start":{"line":141,"column":16},"end":{"line":154,"column":13}}],"line":139},"5":{"loc":{"start":{"line":141,"column":16},"end":{"line":154,"column":13}},"type":"cond-expr","locations":[{"start":{"line":142,"column":14},"end":{"line":142,"column":73}},{"start":{"line":144,"column":14},"end":{"line":153,"column":16}}],"line":141}},"s":{"0":0,"1":0,"2":0,"3":0,"4":0,"5":0,"6":0,"7":0,"8":0,"9":0,"10":0,"11":0,"12":0,"13":0,"14":0,"15":0,"16":0,"17":0,"18":0,"19":0,"20":0},"f":{"0":0,"1":0,"2":0,"3":0,"4":0,"5":0,"6":0,"7":0,"8":0,"9":0,"10":0},"b":{"0":[0,0],"1":[0,0],"2":[0,0,0],"3":[0,0],"4":[0,0],"5":[0,0]}}
,"D:\\GitHub\\TRISOUL-Triathlon-E-commerce-REACT-REDUX\\frontend\\src\\data.js": {"path":"D:\\GitHub\\TRISOUL-Triathlon-E-commerce-REACT-REDUX\\frontend\\src\\data.js","statementMap":{"0":{"start":{"line":1,"column":12},"end":{"line":52,"column":1}}},"fnMap":{},"branchMap":{},"s":{"0":0},"f":{},"b":{}}
,"D:\\GitHub\\TRISOUL-Triathlon-E-commerce-REACT-REDUX\\frontend\\src\\index.jsx": {"path":"D:\\GitHub\\TRISOUL-Triathlon-E-commerce-REACT-REDUX\\frontend\\src\\index.jsx","statementMap":{"0":{"start":{"line":9,"column":0},"end":{"line":17,"column":2}},"1":{"start":{"line":22,"column":0},"end":{"line":22,"column":18}}},"fnMap":{},"branchMap":{},"s":{"0":0,"1":0},"f":{},"b":{}}
,"D:\\GitHub\\TRISOUL-Triathlon-E-commerce-REACT-REDUX\\frontend\\src\\reportWebVitals.js": {"path":"D:\\GitHub\\TRISOUL-Triathlon-E-commerce-REACT-REDUX\\frontend\\src\\reportWebVitals.js","statementMap":{"0":{"start":{"line":1,"column":24},"end":{"line":11,"column":1}},"1":{"start":{"line":2,"column":2},"end":{"line":10,"column":3}},"2":{"start":{"line":3,"column":4},"end":{"line":9,"column":7}},"3":{"start":{"line":4,"column":6},"end":{"line":4,"column":26}},"4":{"start":{"line":5,"column":6},"end":{"line":5,"column":26}},"5":{"start":{"line":6,"column":6},"end":{"line":6,"column":26}},"6":{"start":{"line":7,"column":6},"end":{"line":7,"column":26}},"7":{"start":{"line":8,"column":6},"end":{"line":8,"column":27}}},"fnMap":{"0":{"name":"(anonymous_0)","decl":{"start":{"line":1,"column":24},"end":{"line":1,"column":25}},"loc":{"start":{"line":1,"column":39},"end":{"line":11,"column":1}},"line":1},"1":{"name":"(anonymous_1)","decl":{"start":{"line":3,"column":30},"end":{"line":3,"column":31}},"loc":{"start":{"line":3,"column":79},"end":{"line":9,"column":5}},"line":3}},"branchMap":{"0":{"loc":{"start":{"line":2,"column":2},"end":{"line":10,"column":3}},"type":"if","locations":[{"start":{"line":2,"column":2},"end":{"line":10,"column":3}},{"start":{"line":2,"column":2},"end":{"line":10,"column":3}}],"line":2},"1":{"loc":{"start":{"line":2,"column":6},"end":{"line":2,"column":52}},"type":"binary-expr","locations":[{"start":{"line":2,"column":6},"end":{"line":2,"column":17}},{"start":{"line":2,"column":21},"end":{"line":2,"column":52}}],"line":2}},"s":{"0":0,"1":0,"2":0,"3":0,"4":0,"5":0,"6":0,"7":0},"f":{"0":0,"1":0},"b":{"0":[0,0],"1":[0,0]}}
,"D:\\GitHub\\TRISOUL-Triathlon-E-commerce-REACT-REDUX\\frontend\\src\\store.js": {"path":"D:\\GitHub\\TRISOUL-Triathlon-E-commerce-REACT-REDUX\\frontend\\src\\store.js","statementMap":{"0":{"start":{"line":24,"column":21},"end":{"line":39,"column":1}},"1":{"start":{"line":41,"column":16},"end":{"line":62,"column":2}},"2":{"start":{"line":64,"column":24},"end":{"line":64,"column":78}},"3":{"start":{"line":65,"column":14},"end":{"line":69,"column":1}}},"fnMap":{},"branchMap":{"0":{"loc":{"start":{"line":26,"column":14},"end":{"line":28,"column":12}},"type":"cond-expr","locations":[{"start":{"line":27,"column":8},"end":{"line":27,"column":52}},{"start":{"line":28,"column":8},"end":{"line":28,"column":12}}],"line":26},"1":{"loc":{"start":{"line":31,"column":15},"end":{"line":33,"column":10}},"type":"cond-expr","locations":[{"start":{"line":32,"column":8},"end":{"line":32,"column":53}},{"start":{"line":33,"column":8},"end":{"line":33,"column":10}}],"line":31},"2":{"loc":{"start":{"line":34,"column":21},"end":{"line":36,"column":10}},"type":"cond-expr","locations":[{"start":{"line":35,"column":8},"end":{"line":35,"column":59}},{"start":{"line":36,"column":8},"end":{"line":36,"column":10}}],"line":34},"3":{"loc":{"start":{"line":64,"column":24},"end":{"line":64,"column":78}},"type":"binary-expr","locations":[{"start":{"line":64,"column":24},"end":{"line":64,"column":67}},{"start":{"line":64,"column":71},"end":{"line":64,"column":78}}],"line":64}},"s":{"0":0,"1":0,"2":0,"3":0},"f":{},"b":{"0":[0,0],"1":[0,0],"2":[0,0],"3":[0,0]}}
,"D:\\GitHub\\TRISOUL-Triathlon-E-commerce-REACT-REDUX\\frontend\\src\\components\\AdminRoute.jsx": {"path":"D:\\GitHub\\TRISOUL-Triathlon-E-commerce-REACT-REDUX\\frontend\\src\\components\\AdminRoute.jsx","statementMap":{"0":{"start":{"line":6,"column":21},"end":{"line":6,"column":61}},"1":{"start":{"line":6,"column":44},"end":{"line":6,"column":60}},"2":{"start":{"line":7,"column":23},"end":{"line":7,"column":33}},"3":{"start":{"line":8,"column":2},"end":{"line":19,"column":4}},"4":{"start":{"line":12,"column":8},"end":{"line":16,"column":9}}},"fnMap":{"0":{"name":"AdminRoute","decl":{"start":{"line":5,"column":24},"end":{"line":5,"column":34}},"loc":{"start":{"line":5,"column":70},"end":{"line":20,"column":1}},"line":5},"1":{"name":"(anonymous_1)","decl":{"start":{"line":6,"column":33},"end":{"line":6,"column":34}},"loc":{"start":{"line":6,"column":44},"end":{"line":6,"column":60}},"line":6},"2":{"name":"(anonymous_2)","decl":{"start":{"line":11,"column":14},"end":{"line":11,"column":15}},"loc":{"start":{"line":12,"column":8},"end":{"line":16,"column":9}},"line":12}},"branchMap":{"0":{"loc":{"start":{"line":12,"column":8},"end":{"line":16,"column":9}},"type":"cond-expr","locations":[{"start":{"line":13,"column":10},"end":{"line":13,"column":33}},{"start":{"line":15,"column":10},"end":{"line":15,"column":35}}],"line":12},"1":{"loc":{"start":{"line":12,"column":8},"end":{"line":12,"column":36}},"type":"binary-expr","locations":[{"start":{"line":12,"column":8},"end":{"line":12,"column":16}},{"start":{"line":12,"column":20},"end":{"line":12,"column":36}}],"line":12}},"s":{"0":0,"1":0,"2":0,"3":0,"4":0},"f":{"0":0,"1":0,"2":0},"b":{"0":[0,0],"1":[0,0]}}
,"D:\\GitHub\\TRISOUL-Triathlon-E-commerce-REACT-REDUX\\frontend\\src\\components\\CheckoutSteps.jsx": {"path":"D:\\GitHub\\TRISOUL-Triathlon-E-commerce-REACT-REDUX\\frontend\\src\\components\\CheckoutSteps.jsx","statementMap":{"0":{"start":{"line":4,"column":2},"end":{"line":11,"column":4}}},"fnMap":{"0":{"name":"CheckoutSteps","decl":{"start":{"line":3,"column":24},"end":{"line":3,"column":37}},"loc":{"start":{"line":3,"column":45},"end":{"line":12,"column":1}},"line":3}},"branchMap":{"0":{"loc":{"start":{"line":6,"column":22},"end":{"line":6,"column":49}},"type":"cond-expr","locations":[{"start":{"line":6,"column":36},"end":{"line":6,"column":44}},{"start":{"line":6,"column":47},"end":{"line":6,"column":49}}],"line":6},"1":{"loc":{"start":{"line":7,"column":22},"end":{"line":7,"column":49}},"type":"cond-expr","locations":[{"start":{"line":7,"column":36},"end":{"line":7,"column":44}},{"start":{"line":7,"column":47},"end":{"line":7,"column":49}}],"line":7},"2":{"loc":{"start":{"line":8,"column":22},"end":{"line":8,"column":49}},"type":"cond-expr","locations":[{"start":{"line":8,"column":36},"end":{"line":8,"column":44}},{"start":{"line":8,"column":47},"end":{"line":8,"column":49}}],"line":8},"3":{"loc":{"start":{"line":9,"column":22},"end":{"line":9,"column":49}},"type":"cond-expr","locations":[{"start":{"line":9,"column":36},"end":{"line":9,"column":44}},{"start":{"line":9,"column":47},"end":{"line":9,"column":49}}],"line":9}},"s":{"0":0},"f":{"0":0},"b":{"0":[0,0],"1":[0,0],"2":[0,0],"3":[0,0]}}
,"D:\\GitHub\\TRISOUL-Triathlon-E-commerce-REACT-REDUX\\frontend\\src\\components\\LoadingBox.jsx": {"path":"D:\\GitHub\\TRISOUL-Triathlon-E-commerce-REACT-REDUX\\frontend\\src\\components\\LoadingBox.jsx","statementMap":{"0":{"start":{"line":4,"column":2},"end":{"line":8,"column":4}}},"fnMap":{"0":{"name":"LoadingBox","decl":{"start":{"line":3,"column":24},"end":{"line":3,"column":34}},"loc":{"start":{"line":3,"column":37},"end":{"line":9,"column":1}},"line":3}},"branchMap":{},"s":{"0":0},"f":{"0":0},"b":{}}
,"D:\\GitHub\\TRISOUL-Triathlon-E-commerce-REACT-REDUX\\frontend\\src\\components\\MessageBox.jsx": {"path":"D:\\GitHub\\TRISOUL-Triathlon-E-commerce-REACT-REDUX\\frontend\\src\\components\\MessageBox.jsx","statementMap":{"0":{"start":{"line":4,"column":2},"end":{"line":8,"column":4}}},"fnMap":{"0":{"name":"MessageBox","decl":{"start":{"line":3,"column":24},"end":{"line":3,"column":34}},"loc":{"start":{"line":3,"column":42},"end":{"line":9,"column":1}},"line":3}},"branchMap":{"0":{"loc":{"start":{"line":5,"column":35},"end":{"line":5,"column":58}},"type":"binary-expr","locations":[{"start":{"line":5,"column":35},"end":{"line":5,"column":48}},{"start":{"line":5,"column":52},"end":{"line":5,"column":58}}],"line":5}},"s":{"0":0},"f":{"0":0},"b":{"0":[0,0]}}
,"D:\\GitHub\\TRISOUL-Triathlon-E-commerce-REACT-REDUX\\frontend\\src\\components\\PrivateRoute.jsx": {"path":"D:\\GitHub\\TRISOUL-Triathlon-E-commerce-REACT-REDUX\\frontend\\src\\components\\PrivateRoute.jsx","statementMap":{"0":{"start":{"line":6,"column":21},"end":{"line":6,"column":61}},"1":{"start":{"line":6,"column":44},"end":{"line":6,"column":60}},"2":{"start":{"line":7,"column":23},"end":{"line":7,"column":33}},"3":{"start":{"line":9,"column":2},"end":{"line":20,"column":4}},"4":{"start":{"line":13,"column":8},"end":{"line":17,"column":9}}},"fnMap":{"0":{"name":"PrivateRoute","decl":{"start":{"line":5,"column":24},"end":{"line":5,"column":36}},"loc":{"start":{"line":5,"column":72},"end":{"line":21,"column":1}},"line":5},"1":{"name":"(anonymous_1)","decl":{"start":{"line":6,"column":33},"end":{"line":6,"column":34}},"loc":{"start":{"line":6,"column":44},"end":{"line":6,"column":60}},"line":6},"2":{"name":"(anonymous_2)","decl":{"start":{"line":12,"column":14},"end":{"line":12,"column":15}},"loc":{"start":{"line":13,"column":8},"end":{"line":17,"column":9}},"line":13}},"branchMap":{"0":{"loc":{"start":{"line":13,"column":8},"end":{"line":17,"column":9}},"type":"cond-expr","locations":[{"start":{"line":14,"column":10},"end":{"line":14,"column":33}},{"start":{"line":16,"column":10},"end":{"line":16,"column":35}}],"line":13}},"s":{"0":0,"1":0,"2":0,"3":0,"4":0},"f":{"0":0,"1":0,"2":0},"b":{"0":[0,0]}}
,"D:\\GitHub\\TRISOUL-Triathlon-E-commerce-REACT-REDUX\\frontend\\src\\components\\Product.jsx": {"path":"D:\\GitHub\\TRISOUL-Triathlon-E-commerce-REACT-REDUX\\frontend\\src\\components\\Product.jsx","statementMap":{"0":{"start":{"line":6,"column":4},"end":{"line":26,"column":5}}},"fnMap":{"0":{"name":"Product","decl":{"start":{"line":5,"column":24},"end":{"line":5,"column":31}},"loc":{"start":{"line":5,"column":43},"end":{"line":27,"column":1}},"line":5}},"branchMap":{},"s":{"0":1},"f":{"0":1},"b":{},"_coverageSchema":"1a1c01bbd47fc00a2c39e90264f33305004495a9","hash":"d7f6ef467b8305c6bb43df640025f43f5bc32674"}
,"D:\\GitHub\\TRISOUL-Triathlon-E-commerce-REACT-REDUX\\frontend\\src\\components\\Rating.jsx": {"path":"D:\\GitHub\\TRISOUL-Triathlon-E-commerce-REACT-REDUX\\frontend\\src\\components\\Rating.jsx","statementMap":{"0":{"start":{"line":4,"column":2},"end":{"line":68,"column":4}}},"fnMap":{"0":{"name":"Rating","decl":{"start":{"line":3,"column":24},"end":{"line":3,"column":30}},"loc":{"start":{"line":3,"column":55},"end":{"line":69,"column":1}},"line":3}},"branchMap":{"0":{"loc":{"start":{"line":10,"column":12},"end":{"line":14,"column":30}},"type":"cond-expr","locations":[{"start":{"line":11,"column":16},"end":{"line":11,"column":28}},{"start":{"line":12,"column":16},"end":{"line":14,"column":30}}],"line":10},"1":{"loc":{"start":{"line":12,"column":16},"end":{"line":14,"column":30}},"type":"cond-expr","locations":[{"start":{"line":13,"column":16},"end":{"line":13,"column":35}},{"start":{"line":14,"column":16},"end":{"line":14,"column":30}}],"line":12},"2":{"loc":{"start":{"line":22,"column":12},"end":{"line":26,"column":30}},"type":"cond-expr","locations":[{"start":{"line":23,"column":16},"end":{"line":23,"column":28}},{"start":{"line":24,"column":16},"end":{"line":26,"column":30}}],"line":22},"3":{"loc":{"start":{"line":24,"column":16},"end":{"line":26,"column":30}},"type":"cond-expr","locations":[{"start":{"line":25,"column":16},"end":{"line":25,"column":35}},{"start":{"line":26,"column":16},"end":{"line":26,"column":30}}],"line":24},"4":{"loc":{"start":{"line":34,"column":12},"end":{"line":38,"column":30}},"type":"cond-expr","locations":[{"start":{"line":35,"column":16},"end":{"line":35,"column":28}},{"start":{"line":36,"column":16},"end":{"line":38,"column":30}}],"line":34},"5":{"loc":{"start":{"line":36,"column":16},"end":{"line":38,"column":30}},"type":"cond-expr","locations":[{"start":{"line":37,"column":16},"end":{"line":37,"column":35}},{"start":{"line":38,"column":16},"end":{"line":38,"column":30}}],"line":36},"6":{"loc":{"start":{"line":46,"column":12},"end":{"line":50,"column":30}},"type":"cond-expr","locations":[{"start":{"line":47,"column":16},"end":{"line":47,"column":28}},{"start":{"line":48,"column":16},"end":{"line":50,"column":30}}],"line":46},"7":{"loc":{"start":{"line":48,"column":16},"end":{"line":50,"column":30}},"type":"cond-expr","locations":[{"start":{"line":49,"column":16},"end":{"line":49,"column":35}},{"start":{"line":50,"column":16},"end":{"line":50,"column":30}}],"line":48},"8":{"loc":{"start":{"line":58,"column":12},"end":{"line":62,"column":30}},"type":"cond-expr","locations":[{"start":{"line":59,"column":16},"end":{"line":59,"column":28}},{"start":{"line":60,"column":16},"end":{"line":62,"column":30}}],"line":58},"9":{"loc":{"start":{"line":60,"column":16},"end":{"line":62,"column":30}},"type":"cond-expr","locations":[{"start":{"line":61,"column":16},"end":{"line":61,"column":35}},{"start":{"line":62,"column":16},"end":{"line":62,"column":30}}],"line":60}},"s":{"0":13},"f":{"0":13},"b":{"0":[9,4],"1":[2,2],"2":[7,6],"3":[2,4],"4":[5,8],"5":[2,6],"6":[3,10],"7":[2,8],"8":[1,12],"9":[2,10]},"_coverageSchema":"1a1c01bbd47fc00a2c39e90264f33305004495a9","hash":"53cf4c7c2ffa8f2a72e4dcef21a45f3994773bd6"}
,"D:\\GitHub\\TRISOUL-Triathlon-E-commerce-REACT-REDUX\\frontend\\src\\components\\SearchBox.jsx": {"path":"D:\\GitHub\\TRISOUL-Triathlon-E-commerce-REACT-REDUX\\frontend\\src\\components\\SearchBox.jsx","statementMap":{"0":{"start":{"line":4,"column":26},"end":{"line":4,"column":38}},"1":{"start":{"line":6,"column":24},"end":{"line":9,"column":3}},"2":{"start":{"line":7,"column":4},"end":{"line":7,"column":23}},"3":{"start":{"line":8,"column":4},"end":{"line":8,"column":47}},"4":{"start":{"line":11,"column":2},"end":{"line":25,"column":4}},"5":{"start":{"line":18,"column":27},"end":{"line":18,"column":50}}},"fnMap":{"0":{"name":"SearchBox","decl":{"start":{"line":3,"column":24},"end":{"line":3,"column":33}},"loc":{"start":{"line":3,"column":41},"end":{"line":26,"column":1}},"line":3},"1":{"name":"(anonymous_1)","decl":{"start":{"line":6,"column":24},"end":{"line":6,"column":25}},"loc":{"start":{"line":6,"column":31},"end":{"line":9,"column":3}},"line":6},"2":{"name":"(anonymous_2)","decl":{"start":{"line":18,"column":20},"end":{"line":18,"column":21}},"loc":{"start":{"line":18,"column":27},"end":{"line":18,"column":50}},"line":18}},"branchMap":{},"s":{"0":5,"1":5,"2":1,"3":1,"4":5,"5":2},"f":{"0":5,"1":1,"2":2},"b":{},"_coverageSchema":"1a1c01bbd47fc00a2c39e90264f33305004495a9","hash":"fb8c8bcb2c2ca227cdef68117cf58a45de46f6dd"}
,"D:\\GitHub\\TRISOUL-Triathlon-E-commerce-REACT-REDUX\\frontend\\src\\redux\\actions\\action-types.js": {"path":"D:\\GitHub\\TRISOUL-Triathlon-E-commerce-REACT-REDUX\\frontend\\src\\redux\\actions\\action-types.js","statementMap":{"0":{"start":{"line":1,"column":20},"end":{"line":74,"column":1}}},"fnMap":{},"branchMap":{},"s":{"0":0},"f":{},"b":{}}
,"D:\\GitHub\\TRISOUL-Triathlon-E-commerce-REACT-REDUX\\frontend\\src\\redux\\actions\\cart-actions.js": {"path":"D:\\GitHub\\TRISOUL-Triathlon-E-commerce-REACT-REDUX\\frontend\\src\\redux\\actions\\cart-actions.js","statementMap":{"0":{"start":{"line":4,"column":25},"end":{"line":18,"column":1}},"1":{"start":{"line":4,"column":45},"end":{"line":18,"column":1}},"2":{"start":{"line":5,"column":19},"end":{"line":5,"column":64}},"3":{"start":{"line":6,"column":2},"end":{"line":16,"column":5}},"4":{"start":{"line":17,"column":2},"end":{"line":17,"column":79}},"5":{"start":{"line":20,"column":30},"end":{"line":26,"column":1}},"6":{"start":{"line":20,"column":45},"end":{"line":26,"column":1}},"7":{"start":{"line":21,"column":2},"end":{"line":24,"column":5}},"8":{"start":{"line":25,"column":2},"end":{"line":25,"column":79}},"9":{"start":{"line":28,"column":35},"end":{"line":34,"column":1}},"10":{"start":{"line":28,"column":45},"end":{"line":34,"column":1}},"11":{"start":{"line":29,"column":2},"end":{"line":32,"column":5}},"12":{"start":{"line":33,"column":2},"end":{"line":33,"column":64}},"13":{"start":{"line":36,"column":33},"end":{"line":38,"column":1}},"14":{"start":{"line":36,"column":43},"end":{"line":38,"column":1}},"15":{"start":{"line":37,"column":2},"end":{"line":37,"column":74}}},"fnMap":{"0":{"name":"(anonymous_0)","decl":{"start":{"line":4,"column":25},"end":{"line":4,"column":26}},"loc":{"start":{"line":4,"column":45},"end":{"line":18,"column":1}},"line":4},"1":{"name":"(anonymous_1)","decl":{"start":{"line":4,"column":45},"end":{"line":4,"column":46}},"loc":{"start":{"line":4,"column":75},"end":{"line":18,"column":1}},"line":4},"2":{"name":"(anonymous_2)","decl":{"start":{"line":20,"column":30},"end":{"line":20,"column":31}},"loc":{"start":{"line":20,"column":45},"end":{"line":26,"column":1}},"line":20},"3":{"name":"(anonymous_3)","decl":{"start":{"line":20,"column":45},"end":{"line":20,"column":46}},"loc":{"start":{"line":20,"column":69},"end":{"line":26,"column":1}},"line":20},"4":{"name":"(anonymous_4)","decl":{"start":{"line":28,"column":35},"end":{"line":28,"column":36}},"loc":{"start":{"line":28,"column":45},"end":{"line":34,"column":1}},"line":28},"5":{"name":"(anonymous_5)","decl":{"start":{"line":28,"column":45},"end":{"line":28,"column":46}},"loc":{"start":{"line":28,"column":59},"end":{"line":34,"column":1}},"line":28},"6":{"name":"(anonymous_6)","decl":{"start":{"line":36,"column":33},"end":{"line":36,"column":34}},"loc":{"start":{"line":36,"column":43},"end":{"line":38,"column":1}},"line":36},"7":{"name":"(anonymous_7)","decl":{"start":{"line":36,"column":43},"end":{"line":36,"column":44}},"loc":{"start":{"line":36,"column":57},"end":{"line":38,"column":1}},"line":36}},"branchMap":{},"s":{"0":0,"1":0,"2":0,"3":0,"4":0,"5":0,"6":0,"7":0,"8":0,"9":0,"10":0,"11":0,"12":0,"13":0,"14":0,"15":0},"f":{"0":0,"1":0,"2":0,"3":0,"4":0,"5":0,"6":0,"7":0},"b":{}}
,"D:\\GitHub\\TRISOUL-Triathlon-E-commerce-REACT-REDUX\\frontend\\src\\redux\\actions\\order-actions.js": {"path":"D:\\GitHub\\TRISOUL-Triathlon-E-commerce-REACT-REDUX\\frontend\\src\\redux\\actions\\order-actions.js","statementMap":{"0":{"start":{"line":4,"column":27},"end":{"line":27,"column":1}},"1":{"start":{"line":4,"column":38},"end":{"line":27,"column":1}},"2":{"start":{"line":5,"column":2},"end":{"line":5,"column":71}},"3":{"start":{"line":6,"column":2},"end":{"line":26,"column":3}},"4":{"start":{"line":9,"column":8},"end":{"line":9,"column":18}},"5":{"start":{"line":10,"column":21},"end":{"line":14,"column":6}},"6":{"start":{"line":15,"column":4},"end":{"line":15,"column":78}},"7":{"start":{"line":16,"column":4},"end":{"line":16,"column":47}},"8":{"start":{"line":17,"column":4},"end":{"line":17,"column":41}},"9":{"start":{"line":19,"column":4},"end":{"line":25,"column":7}},"10":{"start":{"line":29,"column":28},"end":{"line":46,"column":1}},"11":{"start":{"line":29,"column":41},"end":{"line":46,"column":1}},"12":{"start":{"line":30,"column":2},"end":{"line":30,"column":74}},"13":{"start":{"line":33,"column":6},"end":{"line":33,"column":16}},"14":{"start":{"line":34,"column":2},"end":{"line":45,"column":3}},"15":{"start":{"line":35,"column":21},"end":{"line":37,"column":6}},"16":{"start":{"line":38,"column":4},"end":{"line":38,"column":73}},"17":{"start":{"line":41,"column":6},"end":{"line":43,"column":23}},"18":{"start":{"line":44,"column":4},"end":{"line":44,"column":73}},"19":{"start":{"line":48,"column":24},"end":{"line":68,"column":1}},"20":{"start":{"line":48,"column":50},"end":{"line":68,"column":1}},"21":{"start":{"line":52,"column":2},"end":{"line":52,"column":87}},"22":{"start":{"line":55,"column":6},"end":{"line":55,"column":16}},"23":{"start":{"line":56,"column":2},"end":{"line":67,"column":3}},"24":{"start":{"line":57,"column":21},"end":{"line":59,"column":6}},"25":{"start":{"line":60,"column":4},"end":{"line":60,"column":69}},"26":{"start":{"line":63,"column":6},"end":{"line":65,"column":23}},"27":{"start":{"line":66,"column":4},"end":{"line":66,"column":69}},"28":{"start":{"line":70,"column":29},"end":{"line":89,"column":1}},"29":{"start":{"line":70,"column":35},"end":{"line":89,"column":1}},"30":{"start":{"line":71,"column":2},"end":{"line":71,"column":58}},"31":{"start":{"line":74,"column":6},"end":{"line":74,"column":16}},"32":{"start":{"line":75,"column":2},"end":{"line":88,"column":3}},"33":{"start":{"line":76,"column":21},"end":{"line":80,"column":6}},"34":{"start":{"line":81,"column":4},"end":{"line":81,"column":75}},"35":{"start":{"line":84,"column":6},"end":{"line":86,"column":23}},"36":{"start":{"line":87,"column":4},"end":{"line":87,"column":75}},"37":{"start":{"line":91,"column":26},"end":{"line":108,"column":1}},"38":{"start":{"line":91,"column":32},"end":{"line":108,"column":1}},"39":{"start":{"line":92,"column":2},"end":{"line":92,"column":53}},"40":{"start":{"line":95,"column":6},"end":{"line":95,"column":16}},"41":{"start":{"line":96,"column":2},"end":{"line":107,"column":3}},"42":{"start":{"line":97,"column":21},"end":{"line":99,"column":6}},"43":{"start":{"line":100,"column":4},"end":{"line":100,"column":70}},"44":{"start":{"line":103,"column":6},"end":{"line":105,"column":23}},"45":{"start":{"line":106,"column":4},"end":{"line":106,"column":70}},"46":{"start":{"line":110,"column":27},"end":{"line":127,"column":1}},"47":{"start":{"line":110,"column":40},"end":{"line":127,"column":1}},"48":{"start":{"line":111,"column":2},"end":{"line":111,"column":73}},"49":{"start":{"line":114,"column":6},"end":{"line":114,"column":16}},"50":{"start":{"line":115,"column":2},"end":{"line":126,"column":3}},"51":{"start":{"line":116,"column":21},"end":{"line":118,"column":6}},"52":{"start":{"line":119,"column":4},"end":{"line":119,"column":72}},"53":{"start":{"line":122,"column":6},"end":{"line":124,"column":23}},"54":{"start":{"line":125,"column":4},"end":{"line":125,"column":72}}},"fnMap":{"0":{"name":"(anonymous_0)","decl":{"start":{"line":4,"column":27},"end":{"line":4,"column":28}},"loc":{"start":{"line":4,"column":38},"end":{"line":27,"column":1}},"line":4},"1":{"name":"(anonymous_1)","decl":{"start":{"line":4,"column":38},"end":{"line":4,"column":39}},"loc":{"start":{"line":4,"column":68},"end":{"line":27,"column":1}},"line":4},"2":{"name":"(anonymous_2)","decl":{"start":{"line":29,"column":28},"end":{"line":29,"column":29}},"loc":{"start":{"line":29,"column":41},"end":{"line":46,"column":1}},"line":29},"3":{"name":"(anonymous_3)","decl":{"start":{"line":29,"column":41},"end":{"line":29,"column":42}},"loc":{"start":{"line":29,"column":71},"end":{"line":46,"column":1}},"line":29},"4":{"name":"(anonymous_4)","decl":{"start":{"line":48,"column":24},"end":{"line":48,"column":25}},"loc":{"start":{"line":48,"column":50},"end":{"line":68,"column":1}},"line":48},"5":{"name":"(anonymous_5)","decl":{"start":{"line":48,"column":50},"end":{"line":48,"column":51}},"loc":{"start":{"line":51,"column":5},"end":{"line":68,"column":1}},"line":51},"6":{"name":"(anonymous_6)","decl":{"start":{"line":70,"column":29},"end":{"line":70,"column":30}},"loc":{"start":{"line":70,"column":35},"end":{"line":89,"column":1}},"line":70},"7":{"name":"(anonymous_7)","decl":{"start":{"line":70,"column":35},"end":{"line":70,"column":36}},"loc":{"start":{"line":70,"column":65},"end":{"line":89,"column":1}},"line":70},"8":{"name":"(anonymous_8)","decl":{"start":{"line":91,"column":26},"end":{"line":91,"column":27}},"loc":{"start":{"line":91,"column":32},"end":{"line":108,"column":1}},"line":91},"9":{"name":"(anonymous_9)","decl":{"start":{"line":91,"column":32},"end":{"line":91,"column":33}},"loc":{"start":{"line":91,"column":62},"end":{"line":108,"column":1}},"line":91},"10":{"name":"(anonymous_10)","decl":{"start":{"line":110,"column":27},"end":{"line":110,"column":28}},"loc":{"start":{"line":110,"column":40},"end":{"line":127,"column":1}},"line":110},"11":{"name":"(anonymous_11)","decl":{"start":{"line":110,"column":40},"end":{"line":110,"column":41}},"loc":{"start":{"line":110,"column":70},"end":{"line":127,"column":1}},"line":110}},"branchMap":{"0":{"loc":{"start":{"line":22,"column":8},"end":{"line":24,"column":25}},"type":"cond-expr","locations":[{"start":{"line":23,"column":12},"end":{"line":23,"column":39}},{"start":{"line":24,"column":12},"end":{"line":24,"column":25}}],"line":22},"1":{"loc":{"start":{"line":22,"column":8},"end":{"line":22,"column":53}},"type":"binary-expr","locations":[{"start":{"line":22,"column":8},"end":{"line":22,"column":22}},{"start":{"line":22,"column":26},"end":{"line":22,"column":53}}],"line":22},"2":{"loc":{"start":{"line":41,"column":6},"end":{"line":43,"column":23}},"type":"cond-expr","locations":[{"start":{"line":42,"column":10},"end":{"line":42,"column":37}},{"start":{"line":43,"column":10},"end":{"line":43,"column":23}}],"line":41},"3":{"loc":{"start":{"line":41,"column":6},"end":{"line":41,"column":51}},"type":"binary-expr","locations":[{"start":{"line":41,"column":6},"end":{"line":41,"column":20}},{"start":{"line":41,"column":24},"end":{"line":41,"column":51}}],"line":41},"4":{"loc":{"start":{"line":63,"column":6},"end":{"line":65,"column":23}},"type":"cond-expr","locations":[{"start":{"line":64,"column":10},"end":{"line":64,"column":37}},{"start":{"line":65,"column":10},"end":{"line":65,"column":23}}],"line":63},"5":{"loc":{"start":{"line":63,"column":6},"end":{"line":63,"column":51}},"type":"binary-expr","locations":[{"start":{"line":63,"column":6},"end":{"line":63,"column":20}},{"start":{"line":63,"column":24},"end":{"line":63,"column":51}}],"line":63},"6":{"loc":{"start":{"line":84,"column":6},"end":{"line":86,"column":23}},"type":"cond-expr","locations":[{"start":{"line":85,"column":10},"end":{"line":85,"column":37}},{"start":{"line":86,"column":10},"end":{"line":86,"column":23}}],"line":84},"7":{"loc":{"start":{"line":84,"column":6},"end":{"line":84,"column":51}},"type":"binary-expr","locations":[{"start":{"line":84,"column":6},"end":{"line":84,"column":20}},{"start":{"line":84,"column":24},"end":{"line":84,"column":51}}],"line":84},"8":{"loc":{"start":{"line":103,"column":6},"end":{"line":105,"column":23}},"type":"cond-expr","locations":[{"start":{"line":104,"column":10},"end":{"line":104,"column":37}},{"start":{"line":105,"column":10},"end":{"line":105,"column":23}}],"line":103},"9":{"loc":{"start":{"line":103,"column":6},"end":{"line":103,"column":51}},"type":"binary-expr","locations":[{"start":{"line":103,"column":6},"end":{"line":103,"column":20}},{"start":{"line":103,"column":24},"end":{"line":103,"column":51}}],"line":103},"10":{"loc":{"start":{"line":122,"column":6},"end":{"line":124,"column":23}},"type":"cond-expr","locations":[{"start":{"line":123,"column":10},"end":{"line":123,"column":37}},{"start":{"line":124,"column":10},"end":{"line":124,"column":23}}],"line":122},"11":{"loc":{"start":{"line":122,"column":6},"end":{"line":122,"column":51}},"type":"binary-expr","locations":[{"start":{"line":122,"column":6},"end":{"line":122,"column":20}},{"start":{"line":122,"column":24},"end":{"line":122,"column":51}}],"line":122}},"s":{"0":0,"1":0,"2":0,"3":0,"4":0,"5":0,"6":0,"7":0,"8":0,"9":0,"10":0,"11":0,"12":0,"13":0,"14":0,"15":0,"16":0,"17":0,"18":0,"19":0,"20":0,"21":0,"22":0,"23":0,"24":0,"25":0,"26":0,"27":0,"28":0,"29":0,"30":0,"31":0,"32":0,"33":0,"34":0,"35":0,"36":0,"37":0,"38":0,"39":0,"40":0,"41":0,"42":0,"43":0,"44":0,"45":0,"46":0,"47":0,"48":0,"49":0,"50":0,"51":0,"52":0,"53":0,"54":0},"f":{"0":0,"1":0,"2":0,"3":0,"4":0,"5":0,"6":0,"7":0,"8":0,"9":0,"10":0,"11":0},"b":{"0":[0,0],"1":[0,0],"2":[0,0],"3":[0,0],"4":[0,0],"5":[0,0],"6":[0,0],"7":[0,0],"8":[0,0],"9":[0,0],"10":[0,0],"11":[0,0]}}
,"D:\\GitHub\\TRISOUL-Triathlon-E-commerce-REACT-REDUX\\frontend\\src\\redux\\actions\\product-actions.js": {"path":"D:\\GitHub\\TRISOUL-Triathlon-E-commerce-REACT-REDUX\\frontend\\src\\redux\\actions\\product-actions.js","statementMap":{"0":{"start":{"line":5,"column":28},"end":{"line":20,"column":1}},"1":{"start":{"line":8,"column":6},"end":{"line":20,"column":1}},"2":{"start":{"line":9,"column":2},"end":{"line":11,"column":5}},"3":{"start":{"line":12,"column":2},"end":{"line":19,"column":3}},"4":{"start":{"line":13,"column":21},"end":{"line":15,"column":5}},"5":{"start":{"line":16,"column":4},"end":{"line":16,"column":72}},"6":{"start":{"line":18,"column":4},"end":{"line":18,"column":78}},"7":{"start":{"line":22,"column":30},"end":{"line":36,"column":1}},"8":{"start":{"line":22,"column":45},"end":{"line":36,"column":1}},"9":{"start":{"line":23,"column":2},"end":{"line":23,"column":78}},"10":{"start":{"line":24,"column":2},"end":{"line":35,"column":3}},"11":{"start":{"line":25,"column":21},"end":{"line":25,"column":66}},"12":{"start":{"line":26,"column":4},"end":{"line":26,"column":75}},"13":{"start":{"line":28,"column":4},"end":{"line":34,"column":7}},"14":{"start":{"line":38,"column":37},"end":{"line":48,"column":1}},"15":{"start":{"line":38,"column":43},"end":{"line":48,"column":1}},"16":{"start":{"line":39,"column":2},"end":{"line":41,"column":5}},"17":{"start":{"line":42,"column":2},"end":{"line":47,"column":3}},"18":{"start":{"line":43,"column":21},"end":{"line":43,"column":64}},"19":{"start":{"line":44,"column":4},"end":{"line":44,"column":81}},"20":{"start":{"line":46,"column":4},"end":{"line":46,"column":87}},"21":{"start":{"line":51,"column":29},"end":{"line":75,"column":1}},"22":{"start":{"line":51,"column":35},"end":{"line":75,"column":1}},"23":{"start":{"line":52,"column":2},"end":{"line":52,"column":57}},"24":{"start":{"line":55,"column":6},"end":{"line":55,"column":16}},"25":{"start":{"line":56,"column":2},"end":{"line":74,"column":3}},"26":{"start":{"line":57,"column":21},"end":{"line":63,"column":5}},"27":{"start":{"line":64,"column":4},"end":{"line":67,"column":7}},"28":{"start":{"line":70,"column":6},"end":{"line":72,"column":23}},"29":{"start":{"line":73,"column":4},"end":{"line":73,"column":74}},"30":{"start":{"line":77,"column":29},"end":{"line":94,"column":1}},"31":{"start":{"line":77,"column":42},"end":{"line":94,"column":1}},"32":{"start":{"line":78,"column":2},"end":{"line":78,"column":75}},"33":{"start":{"line":81,"column":6},"end":{"line":81,"column":16}},"34":{"start":{"line":82,"column":2},"end":{"line":93,"column":3}},"35":{"start":{"line":83,"column":21},"end":{"line":85,"column":6}},"36":{"start":{"line":86,"column":4},"end":{"line":86,"column":74}},"37":{"start":{"line":89,"column":6},"end":{"line":91,"column":23}},"38":{"start":{"line":92,"column":4},"end":{"line":92,"column":72}},"39":{"start":{"line":96,"column":29},"end":{"line":113,"column":1}},"40":{"start":{"line":96,"column":44},"end":{"line":113,"column":1}},"41":{"start":{"line":97,"column":2},"end":{"line":97,"column":77}},"42":{"start":{"line":100,"column":6},"end":{"line":100,"column":16}},"43":{"start":{"line":101,"column":2},"end":{"line":112,"column":3}},"44":{"start":{"line":102,"column":21},"end":{"line":104,"column":6}},"45":{"start":{"line":105,"column":4},"end":{"line":105,"column":59}},"46":{"start":{"line":108,"column":6},"end":{"line":110,"column":23}},"47":{"start":{"line":111,"column":4},"end":{"line":111,"column":74}}},"fnMap":{"0":{"name":"(anonymous_0)","decl":{"start":{"line":5,"column":28},"end":{"line":5,"column":29}},"loc":{"start":{"line":8,"column":6},"end":{"line":20,"column":1}},"line":8},"1":{"name":"(anonymous_1)","decl":{"start":{"line":8,"column":6},"end":{"line":8,"column":7}},"loc":{"start":{"line":8,"column":26},"end":{"line":20,"column":1}},"line":8},"2":{"name":"(anonymous_2)","decl":{"start":{"line":22,"column":30},"end":{"line":22,"column":31}},"loc":{"start":{"line":22,"column":45},"end":{"line":36,"column":1}},"line":22},"3":{"name":"(anonymous_3)","decl":{"start":{"line":22,"column":45},"end":{"line":22,"column":46}},"loc":{"start":{"line":22,"column":65},"end":{"line":36,"column":1}},"line":22},"4":{"name":"(anonymous_4)","decl":{"start":{"line":38,"column":37},"end":{"line":38,"column":38}},"loc":{"start":{"line":38,"column":43},"end":{"line":48,"column":1}},"line":38},"5":{"name":"(anonymous_5)","decl":{"start":{"line":38,"column":43},"end":{"line":38,"column":44}},"loc":{"start":{"line":38,"column":63},"end":{"line":48,"column":1}},"line":38},"6":{"name":"(anonymous_6)","decl":{"start":{"line":51,"column":29},"end":{"line":51,"column":30}},"loc":{"start":{"line":51,"column":35},"end":{"line":75,"column":1}},"line":51},"7":{"name":"(anonymous_7)","decl":{"start":{"line":51,"column":35},"end":{"line":51,"column":36}},"loc":{"start":{"line":51,"column":65},"end":{"line":75,"column":1}},"line":51},"8":{"name":"(anonymous_8)","decl":{"start":{"line":77,"column":29},"end":{"line":77,"column":30}},"loc":{"start":{"line":77,"column":42},"end":{"line":94,"column":1}},"line":77},"9":{"name":"(anonymous_9)","decl":{"start":{"line":77,"column":42},"end":{"line":77,"column":43}},"loc":{"start":{"line":77,"column":72},"end":{"line":94,"column":1}},"line":77},"10":{"name":"(anonymous_10)","decl":{"start":{"line":96,"column":29},"end":{"line":96,"column":30}},"loc":{"start":{"line":96,"column":44},"end":{"line":113,"column":1}},"line":96},"11":{"name":"(anonymous_11)","decl":{"start":{"line":96,"column":44},"end":{"line":96,"column":45}},"loc":{"start":{"line":96,"column":74},"end":{"line":113,"column":1}},"line":96}},"branchMap":{"0":{"loc":{"start":{"line":6,"column":2},"end":{"line":6,"column":11}},"type":"default-arg","locations":[{"start":{"line":6,"column":9},"end":{"line":6,"column":11}}],"line":6},"1":{"loc":{"start":{"line":7,"column":2},"end":{"line":7,"column":15}},"type":"default-arg","locations":[{"start":{"line":7,"column":13},"end":{"line":7,"column":15}}],"line":7},"2":{"loc":{"start":{"line":31,"column":8},"end":{"line":33,"column":25}},"type":"cond-expr","locations":[{"start":{"line":32,"column":12},"end":{"line":32,"column":39}},{"start":{"line":33,"column":12},"end":{"line":33,"column":25}}],"line":31},"3":{"loc":{"start":{"line":31,"column":8},"end":{"line":31,"column":53}},"type":"binary-expr","locations":[{"start":{"line":31,"column":8},"end":{"line":31,"column":22}},{"start":{"line":31,"column":26},"end":{"line":31,"column":53}}],"line":31},"4":{"loc":{"start":{"line":70,"column":6},"end":{"line":72,"column":23}},"type":"cond-expr","locations":[{"start":{"line":71,"column":10},"end":{"line":71,"column":37}},{"start":{"line":72,"column":10},"end":{"line":72,"column":23}}],"line":70},"5":{"loc":{"start":{"line":70,"column":6},"end":{"line":70,"column":51}},"type":"binary-expr","locations":[{"start":{"line":70,"column":6},"end":{"line":70,"column":20}},{"start":{"line":70,"column":24},"end":{"line":70,"column":51}}],"line":70},"6":{"loc":{"start":{"line":89,"column":6},"end":{"line":91,"column":23}},"type":"cond-expr","locations":[{"start":{"line":90,"column":10},"end":{"line":90,"column":37}},{"start":{"line":91,"column":10},"end":{"line":91,"column":23}}],"line":89},"7":{"loc":{"start":{"line":89,"column":6},"end":{"line":89,"column":51}},"type":"binary-expr","locations":[{"start":{"line":89,"column":6},"end":{"line":89,"column":20}},{"start":{"line":89,"column":24},"end":{"line":89,"column":51}}],"line":89},"8":{"loc":{"start":{"line":108,"column":6},"end":{"line":110,"column":23}},"type":"cond-expr","locations":[{"start":{"line":109,"column":10},"end":{"line":109,"column":37}},{"start":{"line":110,"column":10},"end":{"line":110,"column":23}}],"line":108},"9":{"loc":{"start":{"line":108,"column":6},"end":{"line":108,"column":51}},"type":"binary-expr","locations":[{"start":{"line":108,"column":6},"end":{"line":108,"column":20}},{"start":{"line":108,"column":24},"end":{"line":108,"column":51}}],"line":108}},"s":{"0":0,"1":0,"2":0,"3":0,"4":0,"5":0,"6":0,"7":0,"8":0,"9":0,"10":0,"11":0,"12":0,"13":0,"14":0,"15":0,"16":0,"17":0,"18":0,"19":0,"20":0,"21":0,"22":0,"23":0,"24":0,"25":0,"26":0,"27":0,"28":0,"29":0,"30":0,"31":0,"32":0,"33":0,"34":0,"35":0,"36":0,"37":0,"38":0,"39":0,"40":0,"41":0,"42":0,"43":0,"44":0,"45":0,"46":0,"47":0},"f":{"0":0,"1":0,"2":0,"3":0,"4":0,"5":0,"6":0,"7":0,"8":0,"9":0,"10":0,"11":0},"b":{"0":[0],"1":[0],"2":[0,0],"3":[0,0],"4":[0,0],"5":[0,0],"6":[0,0],"7":[0,0],"8":[0,0],"9":[0,0]}}
,"D:\\GitHub\\TRISOUL-Triathlon-E-commerce-REACT-REDUX\\frontend\\src\\redux\\actions\\user-actions.js": {"path":"D:\\GitHub\\TRISOUL-Triathlon-E-commerce-REACT-REDUX\\frontend\\src\\redux\\actions\\user-actions.js","statementMap":{"0":{"start":{"line":4,"column":24},"end":{"line":24,"column":1}},"1":{"start":{"line":4,"column":51},"end":{"line":24,"column":1}},"2":{"start":{"line":5,"column":2},"end":{"line":5,"column":86}},"3":{"start":{"line":6,"column":2},"end":{"line":23,"column":3}},"4":{"start":{"line":7,"column":21},"end":{"line":11,"column":6}},"5":{"start":{"line":12,"column":4},"end":{"line":12,"column":73}},"6":{"start":{"line":13,"column":4},"end":{"line":13,"column":71}},"7":{"start":{"line":14,"column":4},"end":{"line":14,"column":59}},"8":{"start":{"line":16,"column":4},"end":{"line":22,"column":7}},"9":{"start":{"line":26,"column":22},"end":{"line":41,"column":1}},"10":{"start":{"line":26,"column":43},"end":{"line":41,"column":1}},"11":{"start":{"line":27,"column":2},"end":{"line":27,"column":84}},"12":{"start":{"line":28,"column":2},"end":{"line":40,"column":3}},"13":{"start":{"line":29,"column":21},"end":{"line":29,"column":79}},"14":{"start":{"line":30,"column":4},"end":{"line":30,"column":71}},"15":{"start":{"line":31,"column":4},"end":{"line":31,"column":59}},"16":{"start":{"line":33,"column":4},"end":{"line":39,"column":7}},"17":{"start":{"line":43,"column":23},"end":{"line":49,"column":1}},"18":{"start":{"line":43,"column":29},"end":{"line":49,"column":1}},"19":{"start":{"line":44,"column":2},"end":{"line":44,"column":38}},"20":{"start":{"line":45,"column":2},"end":{"line":45,"column":39}},"21":{"start":{"line":46,"column":2},"end":{"line":46,"column":45}},"22":{"start":{"line":47,"column":2},"end":{"line":47,"column":47}},"23":{"start":{"line":48,"column":2},"end":{"line":48,"column":37}},"24":{"start":{"line":51,"column":27},"end":{"line":68,"column":1}},"25":{"start":{"line":51,"column":39},"end":{"line":68,"column":1}},"26":{"start":{"line":52,"column":2},"end":{"line":52,"column":72}},"27":{"start":{"line":55,"column":6},"end":{"line":55,"column":16}},"28":{"start":{"line":56,"column":2},"end":{"line":67,"column":3}},"29":{"start":{"line":57,"column":21},"end":{"line":59,"column":6}},"30":{"start":{"line":60,"column":4},"end":{"line":60,"column":72}},"31":{"start":{"line":63,"column":6},"end":{"line":65,"column":23}},"32":{"start":{"line":66,"column":4},"end":{"line":66,"column":72}},"33":{"start":{"line":70,"column":33},"end":{"line":89,"column":1}},"34":{"start":{"line":70,"column":43},"end":{"line":89,"column":1}},"35":{"start":{"line":71,"column":2},"end":{"line":71,"column":77}},"36":{"start":{"line":74,"column":6},"end":{"line":74,"column":16}},"37":{"start":{"line":75,"column":2},"end":{"line":88,"column":3}},"38":{"start":{"line":76,"column":21},"end":{"line":78,"column":6}},"39":{"start":{"line":79,"column":4},"end":{"line":79,"column":79}},"40":{"start":{"line":80,"column":4},"end":{"line":80,"column":71}},"41":{"start":{"line":81,"column":4},"end":{"line":81,"column":59}},"42":{"start":{"line":84,"column":6},"end":{"line":86,"column":23}},"43":{"start":{"line":87,"column":4},"end":{"line":87,"column":79}},"44":{"start":{"line":91,"column":26},"end":{"line":108,"column":1}},"45":{"start":{"line":91,"column":36},"end":{"line":108,"column":1}},"46":{"start":{"line":92,"column":2},"end":{"line":92,"column":77}},"47":{"start":{"line":95,"column":6},"end":{"line":95,"column":16}},"48":{"start":{"line":96,"column":2},"end":{"line":107,"column":3}},"49":{"start":{"line":97,"column":21},"end":{"line":99,"column":6}},"50":{"start":{"line":100,"column":4},"end":{"line":100,"column":71}},"51":{"start":{"line":103,"column":6},"end":{"line":105,"column":23}},"52":{"start":{"line":106,"column":4},"end":{"line":106,"column":71}},"53":{"start":{"line":110,"column":25},"end":{"line":129,"column":1}},"54":{"start":{"line":110,"column":31},"end":{"line":129,"column":1}},"55":{"start":{"line":111,"column":2},"end":{"line":111,"column":52}},"56":{"start":{"line":112,"column":2},"end":{"line":128,"column":3}},"57":{"start":{"line":115,"column":8},"end":{"line":115,"column":18}},"58":{"start":{"line":116,"column":21},"end":{"line":120,"column":6}},"59":{"start":{"line":121,"column":4},"end":{"line":121,"column":69}},"60":{"start":{"line":124,"column":6},"end":{"line":126,"column":23}},"61":{"start":{"line":127,"column":4},"end":{"line":127,"column":69}},"62":{"start":{"line":131,"column":26},"end":{"line":148,"column":1}},"63":{"start":{"line":131,"column":38},"end":{"line":148,"column":1}},"64":{"start":{"line":132,"column":2},"end":{"line":132,"column":71}},"65":{"start":{"line":135,"column":6},"end":{"line":135,"column":16}},"66":{"start":{"line":136,"column":2},"end":{"line":147,"column":3}},"67":{"start":{"line":137,"column":21},"end":{"line":139,"column":6}},"68":{"start":{"line":140,"column":4},"end":{"line":140,"column":71}},"69":{"start":{"line":143,"column":6},"end":{"line":145,"column":23}},"70":{"start":{"line":146,"column":4},"end":{"line":146,"column":71}}},"fnMap":{"0":{"name":"(anonymous_0)","decl":{"start":{"line":4,"column":24},"end":{"line":4,"column":25}},"loc":{"start":{"line":4,"column":51},"end":{"line":24,"column":1}},"line":4},"1":{"name":"(anonymous_1)","decl":{"start":{"line":4,"column":51},"end":{"line":4,"column":52}},"loc":{"start":{"line":4,"column":71},"end":{"line":24,"column":1}},"line":4},"2":{"name":"(anonymous_2)","decl":{"start":{"line":26,"column":22},"end":{"line":26,"column":23}},"loc":{"start":{"line":26,"column":43},"end":{"line":41,"column":1}},"line":26},"3":{"name":"(anonymous_3)","decl":{"start":{"line":26,"column":43},"end":{"line":26,"column":44}},"loc":{"start":{"line":26,"column":63},"end":{"line":41,"column":1}},"line":26},"4":{"name":"(anonymous_4)","decl":{"start":{"line":43,"column":23},"end":{"line":43,"column":24}},"loc":{"start":{"line":43,"column":29},"end":{"line":49,"column":1}},"line":43},"5":{"name":"(anonymous_5)","decl":{"start":{"line":43,"column":29},"end":{"line":43,"column":30}},"loc":{"start":{"line":43,"column":43},"end":{"line":49,"column":1}},"line":43},"6":{"name":"(anonymous_6)","decl":{"start":{"line":51,"column":27},"end":{"line":51,"column":28}},"loc":{"start":{"line":51,"column":39},"end":{"line":68,"column":1}},"line":51},"7":{"name":"(anonymous_7)","decl":{"start":{"line":51,"column":39},"end":{"line":51,"column":40}},"loc":{"start":{"line":51,"column":69},"end":{"line":68,"column":1}},"line":51},"8":{"name":"(anonymous_8)","decl":{"start":{"line":70,"column":33},"end":{"line":70,"column":34}},"loc":{"start":{"line":70,"column":43},"end":{"line":89,"column":1}},"line":70},"9":{"name":"(anonymous_9)","decl":{"start":{"line":70,"column":43},"end":{"line":70,"column":44}},"loc":{"start":{"line":70,"column":73},"end":{"line":89,"column":1}},"line":70},"10":{"name":"(anonymous_10)","decl":{"start":{"line":91,"column":26},"end":{"line":91,"column":27}},"loc":{"start":{"line":91,"column":36},"end":{"line":108,"column":1}},"line":91},"11":{"name":"(anonymous_11)","decl":{"start":{"line":91,"column":36},"end":{"line":91,"column":37}},"loc":{"start":{"line":91,"column":66},"end":{"line":108,"column":1}},"line":91},"12":{"name":"(anonymous_12)","decl":{"start":{"line":110,"column":25},"end":{"line":110,"column":26}},"loc":{"start":{"line":110,"column":31},"end":{"line":129,"column":1}},"line":110},"13":{"name":"(anonymous_13)","decl":{"start":{"line":110,"column":31},"end":{"line":110,"column":32}},"loc":{"start":{"line":110,"column":61},"end":{"line":129,"column":1}},"line":110},"14":{"name":"(anonymous_14)","decl":{"start":{"line":131,"column":26},"end":{"line":131,"column":27}},"loc":{"start":{"line":131,"column":38},"end":{"line":148,"column":1}},"line":131},"15":{"name":"(anonymous_15)","decl":{"start":{"line":131,"column":38},"end":{"line":131,"column":39}},"loc":{"start":{"line":131,"column":68},"end":{"line":148,"column":1}},"line":131}},"branchMap":{"0":{"loc":{"start":{"line":19,"column":8},"end":{"line":21,"column":25}},"type":"cond-expr","locations":[{"start":{"line":20,"column":12},"end":{"line":20,"column":39}},{"start":{"line":21,"column":12},"end":{"line":21,"column":25}}],"line":19},"1":{"loc":{"start":{"line":19,"column":8},"end":{"line":19,"column":53}},"type":"binary-expr","locations":[{"start":{"line":19,"column":8},"end":{"line":19,"column":22}},{"start":{"line":19,"column":26},"end":{"line":19,"column":53}}],"line":19},"2":{"loc":{"start":{"line":36,"column":8},"end":{"line":38,"column":25}},"type":"cond-expr","locations":[{"start":{"line":37,"column":12},"end":{"line":37,"column":39}},{"start":{"line":38,"column":12},"end":{"line":38,"column":25}}],"line":36},"3":{"loc":{"start":{"line":36,"column":8},"end":{"line":36,"column":53}},"type":"binary-expr","locations":[{"start":{"line":36,"column":8},"end":{"line":36,"column":22}},{"start":{"line":36,"column":26},"end":{"line":36,"column":53}}],"line":36},"4":{"loc":{"start":{"line":63,"column":6},"end":{"line":65,"column":23}},"type":"cond-expr","locations":[{"start":{"line":64,"column":10},"end":{"line":64,"column":37}},{"start":{"line":65,"column":10},"end":{"line":65,"column":23}}],"line":63},"5":{"loc":{"start":{"line":63,"column":6},"end":{"line":63,"column":51}},"type":"binary-expr","locations":[{"start":{"line":63,"column":6},"end":{"line":63,"column":20}},{"start":{"line":63,"column":24},"end":{"line":63,"column":51}}],"line":63},"6":{"loc":{"start":{"line":84,"column":6},"end":{"line":86,"column":23}},"type":"cond-expr","locations":[{"start":{"line":85,"column":10},"end":{"line":85,"column":37}},{"start":{"line":86,"column":10},"end":{"line":86,"column":23}}],"line":84},"7":{"loc":{"start":{"line":84,"column":6},"end":{"line":84,"column":51}},"type":"binary-expr","locations":[{"start":{"line":84,"column":6},"end":{"line":84,"column":20}},{"start":{"line":84,"column":24},"end":{"line":84,"column":51}}],"line":84},"8":{"loc":{"start":{"line":103,"column":6},"end":{"line":105,"column":23}},"type":"cond-expr","locations":[{"start":{"line":104,"column":10},"end":{"line":104,"column":37}},{"start":{"line":105,"column":10},"end":{"line":105,"column":23}}],"line":103},"9":{"loc":{"start":{"line":103,"column":6},"end":{"line":103,"column":51}},"type":"binary-expr","locations":[{"start":{"line":103,"column":6},"end":{"line":103,"column":20}},{"start":{"line":103,"column":24},"end":{"line":103,"column":51}}],"line":103},"10":{"loc":{"start":{"line":124,"column":6},"end":{"line":126,"column":23}},"type":"cond-expr","locations":[{"start":{"line":125,"column":10},"end":{"line":125,"column":37}},{"start":{"line":126,"column":10},"end":{"line":126,"column":23}}],"line":124},"11":{"loc":{"start":{"line":124,"column":6},"end":{"line":124,"column":51}},"type":"binary-expr","locations":[{"start":{"line":124,"column":6},"end":{"line":124,"column":20}},{"start":{"line":124,"column":24},"end":{"line":124,"column":51}}],"line":124},"12":{"loc":{"start":{"line":143,"column":6},"end":{"line":145,"column":23}},"type":"cond-expr","locations":[{"start":{"line":144,"column":10},"end":{"line":144,"column":37}},{"start":{"line":145,"column":10},"end":{"line":145,"column":23}}],"line":143},"13":{"loc":{"start":{"line":143,"column":6},"end":{"line":143,"column":51}},"type":"binary-expr","locations":[{"start":{"line":143,"column":6},"end":{"line":143,"column":20}},{"start":{"line":143,"column":24},"end":{"line":143,"column":51}}],"line":143}},"s":{"0":0,"1":0,"2":0,"3":0,"4":0,"5":0,"6":0,"7":0,"8":0,"9":0,"10":0,"11":0,"12":0,"13":0,"14":0,"15":0,"16":0,"17":0,"18":0,"19":0,"20":0,"21":0,"22":0,"23":0,"24":0,"25":0,"26":0,"27":0,"28":0,"29":0,"30":0,"31":0,"32":0,"33":0,"34":0,"35":0,"36":0,"37":0,"38":0,"39":0,"40":0,"41":0,"42":0,"43":0,"44":0,"45":0,"46":0,"47":0,"48":0,"49":0,"50":0,"51":0,"52":0,"53":0,"54":0,"55":0,"56":0,"57":0,"58":0,"59":0,"60":0,"61":0,"62":0,"63":0,"64":0,"65":0,"66":0,"67":0,"68":0,"69":0,"70":0},"f":{"0":0,"1":0,"2":0,"3":0,"4":0,"5":0,"6":0,"7":0,"8":0,"9":0,"10":0,"11":0,"12":0,"13":0,"14":0,"15":0},"b":{"0":[0,0],"1":[0,0],"2":[0,0],"3":[0,0],"4":[0,0],"5":[0,0],"6":[0,0],"7":[0,0],"8":[0,0],"9":[0,0],"10":[0,0],"11":[0,0],"12":[0,0],"13":[0,0]}}
,"D:\\GitHub\\TRISOUL-Triathlon-E-commerce-REACT-REDUX\\frontend\\src\\redux\\reducers\\cartReducers.js": {"path":"D:\\GitHub\\TRISOUL-Triathlon-E-commerce-REACT-REDUX\\frontend\\src\\redux\\reducers\\cartReducers.js","statementMap":{"0":{"start":{"line":3,"column":27},"end":{"line":43,"column":1}},"1":{"start":{"line":4,"column":2},"end":{"line":42,"column":3}},"2":{"start":{"line":6,"column":19},"end":{"line":6,"column":33}},"3":{"start":{"line":7,"column":24},"end":{"line":9,"column":7}},"4":{"start":{"line":8,"column":25},"end":{"line":8,"column":61}},"5":{"start":{"line":10,"column":6},"end":{"line":19,"column":7}},"6":{"start":{"line":11,"column":8},"end":{"line":16,"column":10}},"7":{"start":{"line":14,"column":12},"end":{"line":14,"column":72}},"8":{"start":{"line":18,"column":8},"end":{"line":18,"column":67}},"9":{"start":{"line":22,"column":6},"end":{"line":27,"column":8}},"10":{"start":{"line":25,"column":28},"end":{"line":25,"column":67}},"11":{"start":{"line":29,"column":6},"end":{"line":32,"column":8}},"12":{"start":{"line":34,"column":6},"end":{"line":37,"column":8}},"13":{"start":{"line":39,"column":6},"end":{"line":39,"column":41}},"14":{"start":{"line":41,"column":6},"end":{"line":41,"column":19}}},"fnMap":{"0":{"name":"(anonymous_0)","decl":{"start":{"line":3,"column":27},"end":{"line":3,"column":28}},"loc":{"start":{"line":3,"column":71},"end":{"line":43,"column":1}},"line":3},"1":{"name":"(anonymous_1)","decl":{"start":{"line":8,"column":8},"end":{"line":8,"column":9}},"loc":{"start":{"line":8,"column":25},"end":{"line":8,"column":61}},"line":8},"2":{"name":"(anonymous_2)","decl":{"start":{"line":13,"column":41},"end":{"line":13,"column":42}},"loc":{"start":{"line":14,"column":12},"end":{"line":14,"column":72}},"line":14},"3":{"name":"(anonymous_3)","decl":{"start":{"line":25,"column":10},"end":{"line":25,"column":11}},"loc":{"start":{"line":25,"column":28},"end":{"line":25,"column":67}},"line":25}},"branchMap":{"0":{"loc":{"start":{"line":3,"column":28},"end":{"line":3,"column":53}},"type":"default-arg","locations":[{"start":{"line":3,"column":36},"end":{"line":3,"column":53}}],"line":3},"1":{"loc":{"start":{"line":3,"column":55},"end":{"line":3,"column":66}},"type":"default-arg","locations":[{"start":{"line":3,"column":64},"end":{"line":3,"column":66}}],"line":3},"2":{"loc":{"start":{"line":4,"column":2},"end":{"line":42,"column":3}},"type":"switch","locations":[{"start":{"line":5,"column":4},"end":{"line":20,"column":5}},{"start":{"line":21,"column":4},"end":{"line":27,"column":8}},{"start":{"line":28,"column":4},"end":{"line":32,"column":8}},{"start":{"line":33,"column":4},"end":{"line":37,"column":8}},{"start":{"line":38,"column":4},"end":{"line":39,"column":41}},{"start":{"line":40,"column":4},"end":{"line":41,"column":19}}],"line":4},"3":{"loc":{"start":{"line":10,"column":6},"end":{"line":19,"column":7}},"type":"if","locations":[{"start":{"line":10,"column":6},"end":{"line":19,"column":7}},{"start":{"line":10,"column":6},"end":{"line":19,"column":7}}],"line":10},"4":{"loc":{"start":{"line":14,"column":12},"end":{"line":14,"column":72}},"type":"cond-expr","locations":[{"start":{"line":14,"column":55},"end":{"line":14,"column":59}},{"start":{"line":14,"column":62},"end":{"line":14,"column":72}}],"line":14}},"s":{"0":0,"1":0,"2":0,"3":0,"4":0,"5":0,"6":0,"7":0,"8":0,"9":0,"10":0,"11":0,"12":0,"13":0,"14":0},"f":{"0":0,"1":0,"2":0,"3":0},"b":{"0":[0],"1":[0],"2":[0,0,0,0,0,0],"3":[0,0],"4":[0,0]}}
,"D:\\GitHub\\TRISOUL-Triathlon-E-commerce-REACT-REDUX\\frontend\\src\\redux\\reducers\\orderReducers.js": {"path":"D:\\GitHub\\TRISOUL-Triathlon-E-commerce-REACT-REDUX\\frontend\\src\\redux\\reducers\\orderReducers.js","statementMap":{"0":{"start":{"line":3,"column":34},"end":{"line":16,"column":1}},"1":{"start":{"line":4,"column":2},"end":{"line":15,"column":3}},"2":{"start":{"line":6,"column":6},"end":{"line":6,"column":31}},"3":{"start":{"line":8,"column":6},"end":{"line":8,"column":70}},"4":{"start":{"line":10,"column":6},"end":{"line":10,"column":55}},"5":{"start":{"line":12,"column":6},"end":{"line":12,"column":16}},"6":{"start":{"line":14,"column":6},"end":{"line":14,"column":19}},"7":{"start":{"line":18,"column":35},"end":{"line":32,"column":1}},"8":{"start":{"line":22,"column":2},"end":{"line":31,"column":3}},"9":{"start":{"line":24,"column":6},"end":{"line":24,"column":31}},"10":{"start":{"line":26,"column":6},"end":{"line":26,"column":55}},"11":{"start":{"line":28,"column":6},"end":{"line":28,"column":55}},"12":{"start":{"line":30,"column":6},"end":{"line":30,"column":19}},"13":{"start":{"line":34,"column":31},"end":{"line":47,"column":1}},"14":{"start":{"line":35,"column":2},"end":{"line":46,"column":3}},"15":{"start":{"line":37,"column":6},"end":{"line":37,"column":31}},"16":{"start":{"line":39,"column":6},"end":{"line":39,"column":47}},"17":{"start":{"line":41,"column":6},"end":{"line":41,"column":55}},"18":{"start":{"line":43,"column":6},"end":{"line":43,"column":16}},"19":{"start":{"line":45,"column":6},"end":{"line":45,"column":19}},"20":{"start":{"line":49,"column":36},"end":{"line":60,"column":1}},"21":{"start":{"line":50,"column":2},"end":{"line":59,"column":3}},"22":{"start":{"line":52,"column":6},"end":{"line":52,"column":31}},"23":{"start":{"line":54,"column":6},"end":{"line":54,"column":56}},"24":{"start":{"line":56,"column":6},"end":{"line":56,"column":55}},"25":{"start":{"line":58,"column":6},"end":{"line":58,"column":19}},"26":{"start":{"line":62,"column":32},"end":{"line":73,"column":1}},"27":{"start":{"line":63,"column":2},"end":{"line":72,"column":3}},"28":{"start":{"line":65,"column":6},"end":{"line":65,"column":31}},"29":{"start":{"line":67,"column":6},"end":{"line":67,"column":56}},"30":{"start":{"line":69,"column":6},"end":{"line":69,"column":55}},"31":{"start":{"line":71,"column":6},"end":{"line":71,"column":19}},"32":{"start":{"line":75,"column":34},"end":{"line":88,"column":1}},"33":{"start":{"line":76,"column":2},"end":{"line":87,"column":3}},"34":{"start":{"line":78,"column":6},"end":{"line":78,"column":31}},"35":{"start":{"line":80,"column":6},"end":{"line":80,"column":47}},"36":{"start":{"line":82,"column":6},"end":{"line":82,"column":55}},"37":{"start":{"line":84,"column":6},"end":{"line":84,"column":16}},"38":{"start":{"line":86,"column":6},"end":{"line":86,"column":19}}},"fnMap":{"0":{"name":"(anonymous_0)","decl":{"start":{"line":3,"column":34},"end":{"line":3,"column":35}},"loc":{"start":{"line":3,"column":61},"end":{"line":16,"column":1}},"line":3},"1":{"name":"(anonymous_1)","decl":{"start":{"line":18,"column":35},"end":{"line":18,"column":36}},"loc":{"start":{"line":21,"column":5},"end":{"line":32,"column":1}},"line":21},"2":{"name":"(anonymous_2)","decl":{"start":{"line":34,"column":31},"end":{"line":34,"column":32}},"loc":{"start":{"line":34,"column":58},"end":{"line":47,"column":1}},"line":34},"3":{"name":"(anonymous_3)","decl":{"start":{"line":49,"column":36},"end":{"line":49,"column":37}},"loc":{"start":{"line":49,"column":72},"end":{"line":60,"column":1}},"line":49},"4":{"name":"(anonymous_4)","decl":{"start":{"line":62,"column":32},"end":{"line":62,"column":33}},"loc":{"start":{"line":62,"column":71},"end":{"line":73,"column":1}},"line":62},"5":{"name":"(anonymous_5)","decl":{"start":{"line":75,"column":34},"end":{"line":75,"column":35}},"loc":{"start":{"line":75,"column":58},"end":{"line":88,"column":1}},"line":75}},"branchMap":{"0":{"loc":{"start":{"line":3,"column":35},"end":{"line":3,"column":45}},"type":"default-arg","locations":[{"start":{"line":3,"column":43},"end":{"line":3,"column":45}}],"line":3},"1":{"loc":{"start":{"line":3,"column":47},"end":{"line":3,"column":56}},"type":"default-arg","locations":[{"start":{"line":3,"column":54},"end":{"line":3,"column":56}}],"line":3},"2":{"loc":{"start":{"line":4,"column":2},"end":{"line":15,"column":3}},"type":"switch","locations":[{"start":{"line":5,"column":4},"end":{"line":6,"column":31}},{"start":{"line":7,"column":4},"end":{"line":8,"column":70}},{"start":{"line":9,"column":4},"end":{"line":10,"column":55}},{"start":{"line":11,"column":4},"end":{"line":12,"column":16}},{"start":{"line":13,"column":4},"end":{"line":14,"column":19}}],"line":4},"3":{"loc":{"start":{"line":19,"column":2},"end":{"line":19,"column":26}},"type":"default-arg","locations":[{"start":{"line":19,"column":10},"end":{"line":19,"column":26}}],"line":19},"4":{"loc":{"start":{"line":20,"column":2},"end":{"line":20,"column":13}},"type":"default-arg","locations":[{"start":{"line":20,"column":11},"end":{"line":20,"column":13}}],"line":20},"5":{"loc":{"start":{"line":22,"column":2},"end":{"line":31,"column":3}},"type":"switch","locations":[{"start":{"line":23,"column":4},"end":{"line":24,"column":31}},{"start":{"line":25,"column":4},"end":{"line":26,"column":55}},{"start":{"line":27,"column":4},"end":{"line":28,"column":55}},{"start":{"line":29,"column":4},"end":{"line":30,"column":19}}],"line":22},"6":{"loc":{"start":{"line":34,"column":32},"end":{"line":34,"column":42}},"type":"default-arg","locations":[{"start":{"line":34,"column":40},"end":{"line":34,"column":42}}],"line":34},"7":{"loc":{"start":{"line":34,"column":44},"end":{"line":34,"column":53}},"type":"default-arg","locations":[{"start":{"line":34,"column":51},"end":{"line":34,"column":53}}],"line":34},"8":{"loc":{"start":{"line":35,"column":2},"end":{"line":46,"column":3}},"type":"switch","locations":[{"start":{"line":36,"column":4},"end":{"line":37,"column":31}},{"start":{"line":38,"column":4},"end":{"line":39,"column":47}},{"start":{"line":40,"column":4},"end":{"line":41,"column":55}},{"start":{"line":42,"column":4},"end":{"line":43,"column":16}},{"start":{"line":44,"column":4},"end":{"line":45,"column":19}}],"line":35},"9":{"loc":{"start":{"line":49,"column":37},"end":{"line":49,"column":59}},"type":"default-arg","locations":[{"start":{"line":49,"column":45},"end":{"line":49,"column":59}}],"line":49},"10":{"loc":{"start":{"line":50,"column":2},"end":{"line":59,"column":3}},"type":"switch","locations":[{"start":{"line":51,"column":4},"end":{"line":52,"column":31}},{"start":{"line":53,"column":4},"end":{"line":54,"column":56}},{"start":{"line":55,"column":4},"end":{"line":56,"column":55}},{"start":{"line":57,"column":4},"end":{"line":58,"column":19}}],"line":50},"11":{"loc":{"start":{"line":62,"column":33},"end":{"line":62,"column":55}},"type":"default-arg","locations":[{"start":{"line":62,"column":41},"end":{"line":62,"column":55}}],"line":62},"12":{"loc":{"start":{"line":62,"column":57},"end":{"line":62,"column":66}},"type":"default-arg","locations":[{"start":{"line":62,"column":64},"end":{"line":62,"column":66}}],"line":62},"13":{"loc":{"start":{"line":63,"column":2},"end":{"line":72,"column":3}},"type":"switch","locations":[{"start":{"line":64,"column":4},"end":{"line":65,"column":31}},{"start":{"line":66,"column":4},"end":{"line":67,"column":56}},{"start":{"line":68,"column":4},"end":{"line":69,"column":55}},{"start":{"line":70,"column":4},"end":{"line":71,"column":19}}],"line":63},"14":{"loc":{"start":{"line":75,"column":35},"end":{"line":75,"column":45}},"type":"default-arg","locations":[{"start":{"line":75,"column":43},"end":{"line":75,"column":45}}],"line":75},"15":{"loc":{"start":{"line":76,"column":2},"end":{"line":87,"column":3}},"type":"switch","locations":[{"start":{"line":77,"column":4},"end":{"line":78,"column":31}},{"start":{"line":79,"column":4},"end":{"line":80,"column":47}},{"start":{"line":81,"column":4},"end":{"line":82,"column":55}},{"start":{"line":83,"column":4},"end":{"line":84,"column":16}},{"start":{"line":85,"column":4},"end":{"line":86,"column":19}}],"line":76}},"s":{"0":0,"1":0,"2":0,"3":0,"4":0,"5":0,"6":0,"7":0,"8":0,"9":0,"10":0,"11":0,"12":0,"13":0,"14":0,"15":0,"16":0,"17":0,"18":0,"19":0,"20":0,"21":0,"22":0,"23":0,"24":0,"25":0,"26":0,"27":0,"28":0,"29":0,"30":0,"31":0,"32":0,"33":0,"34":0,"35":0,"36":0,"37":0,"38":0},"f":{"0":0,"1":0,"2":0,"3":0,"4":0,"5":0},"b":{"0":[0],"1":[0],"2":[0,0,0,0,0],"3":[0],"4":[0],"5":[0,0,0,0],"6":[0],"7":[0],"8":[0,0,0,0,0],"9":[0],"10":[0,0,0,0],"11":[0],"12":[0],"13":[0,0,0,0],"14":[0],"15":[0,0,0,0,0]}}
,"D:\\GitHub\\TRISOUL-Triathlon-E-commerce-REACT-REDUX\\frontend\\src\\redux\\reducers\\productReducers.js": {"path":"D:\\GitHub\\TRISOUL-Triathlon-E-commerce-REACT-REDUX\\frontend\\src\\redux\\reducers\\productReducers.js","statementMap":{"0":{"start":{"line":3,"column":34},"end":{"line":17,"column":1}},"1":{"start":{"line":7,"column":2},"end":{"line":16,"column":3}},"2":{"start":{"line":9,"column":6},"end":{"line":9,"column":31}},"3":{"start":{"line":11,"column":6},"end":{"line":11,"column":58}},"4":{"start":{"line":13,"column":6},"end":{"line":13,"column":55}},"5":{"start":{"line":15,"column":6},"end":{"line":15,"column":19}},"6":{"start":{"line":19,"column":42},"end":{"line":33,"column":1}},"7":{"start":{"line":23,"column":2},"end":{"line":32,"column":3}},"8":{"start":{"line":25,"column":6},"end":{"line":25,"column":31}},"9":{"start":{"line":27,"column":6},"end":{"line":27,"column":60}},"10":{"start":{"line":29,"column":6},"end":{"line":29,"column":55}},"11":{"start":{"line":31,"column":6},"end":{"line":31,"column":19}},"12":{"start":{"line":35,"column":37},"end":{"line":46,"column":1}},"13":{"start":{"line":36,"column":2},"end":{"line":45,"column":3}},"14":{"start":{"line":38,"column":6},"end":{"line":38,"column":31}},"15":{"start":{"line":40,"column":6},"end":{"line":40,"column":57}},"16":{"start":{"line":42,"column":6},"end":{"line":42,"column":55}},"17":{"start":{"line":44,"column":6},"end":{"line":44,"column":19}},"18":{"start":{"line":48,"column":36},"end":{"line":61,"column":1}},"19":{"start":{"line":49,"column":2},"end":{"line":60,"column":3}},"20":{"start":{"line":51,"column":6},"end":{"line":51,"column":31}},"21":{"start":{"line":53,"column":6},"end":{"line":53,"column":72}},"22":{"start":{"line":55,"column":6},"end":{"line":55,"column":55}},"23":{"start":{"line":57,"column":6},"end":{"line":57,"column":16}},"24":{"start":{"line":59,"column":6},"end":{"line":59,"column":19}},"25":{"start":{"line":63,"column":36},"end":{"line":76,"column":1}},"26":{"start":{"line":64,"column":2},"end":{"line":75,"column":3}},"27":{"start":{"line":66,"column":6},"end":{"line":66,"column":31}},"28":{"start":{"line":68,"column":6},"end":{"line":68,"column":47}},"29":{"start":{"line":70,"column":6},"end":{"line":70,"column":55}},"30":{"start":{"line":72,"column":6},"end":{"line":72,"column":16}},"31":{"start":{"line":74,"column":6},"end":{"line":74,"column":19}},"32":{"start":{"line":78,"column":36},"end":{"line":91,"column":1}},"33":{"start":{"line":79,"column":2},"end":{"line":90,"column":3}},"34":{"start":{"line":81,"column":6},"end":{"line":81,"column":31}},"35":{"start":{"line":83,"column":6},"end":{"line":83,"column":47}},"36":{"start":{"line":85,"column":6},"end":{"line":85,"column":55}},"37":{"start":{"line":87,"column":6},"end":{"line":87,"column":16}},"38":{"start":{"line":89,"column":6},"end":{"line":89,"column":19}}},"fnMap":{"0":{"name":"(anonymous_0)","decl":{"start":{"line":3,"column":34},"end":{"line":3,"column":35}},"loc":{"start":{"line":6,"column":5},"end":{"line":17,"column":1}},"line":6},"1":{"name":"(anonymous_1)","decl":{"start":{"line":19,"column":42},"end":{"line":19,"column":43}},"loc":{"start":{"line":22,"column":5},"end":{"line":33,"column":1}},"line":22},"2":{"name":"(anonymous_2)","decl":{"start":{"line":35,"column":37},"end":{"line":35,"column":38}},"loc":{"start":{"line":35,"column":79},"end":{"line":46,"column":1}},"line":35},"3":{"name":"(anonymous_3)","decl":{"start":{"line":48,"column":36},"end":{"line":48,"column":37}},"loc":{"start":{"line":48,"column":60},"end":{"line":61,"column":1}},"line":48},"4":{"name":"(anonymous_4)","decl":{"start":{"line":63,"column":36},"end":{"line":63,"column":37}},"loc":{"start":{"line":63,"column":60},"end":{"line":76,"column":1}},"line":63},"5":{"name":"(anonymous_5)","decl":{"start":{"line":78,"column":36},"end":{"line":78,"column":37}},"loc":{"start":{"line":78,"column":63},"end":{"line":91,"column":1}},"line":78}},"branchMap":{"0":{"loc":{"start":{"line":4,"column":2},"end":{"line":4,"column":41}},"type":"default-arg","locations":[{"start":{"line":4,"column":10},"end":{"line":4,"column":41}}],"line":4},"1":{"loc":{"start":{"line":5,"column":2},"end":{"line":5,"column":13}},"type":"default-arg","locations":[{"start":{"line":5,"column":11},"end":{"line":5,"column":13}}],"line":5},"2":{"loc":{"start":{"line":7,"column":2},"end":{"line":16,"column":3}},"type":"switch","locations":[{"start":{"line":8,"column":4},"end":{"line":9,"column":31}},{"start":{"line":10,"column":4},"end":{"line":11,"column":58}},{"start":{"line":12,"column":4},"end":{"line":13,"column":55}},{"start":{"line":14,"column":4},"end":{"line":15,"column":19}}],"line":7},"3":{"loc":{"start":{"line":20,"column":2},"end":{"line":20,"column":41}},"type":"default-arg","locations":[{"start":{"line":20,"column":10},"end":{"line":20,"column":41}}],"line":20},"4":{"loc":{"start":{"line":23,"column":2},"end":{"line":32,"column":3}},"type":"switch","locations":[{"start":{"line":24,"column":4},"end":{"line":25,"column":31}},{"start":{"line":26,"column":4},"end":{"line":27,"column":60}},{"start":{"line":28,"column":4},"end":{"line":29,"column":55}},{"start":{"line":30,"column":4},"end":{"line":31,"column":19}}],"line":23},"5":{"loc":{"start":{"line":35,"column":38},"end":{"line":35,"column":63}},"type":"default-arg","locations":[{"start":{"line":35,"column":46},"end":{"line":35,"column":63}}],"line":35},"6":{"loc":{"start":{"line":35,"column":65},"end":{"line":35,"column":74}},"type":"default-arg","locations":[{"start":{"line":35,"column":72},"end":{"line":35,"column":74}}],"line":35},"7":{"loc":{"start":{"line":36,"column":2},"end":{"line":45,"column":3}},"type":"switch","locations":[{"start":{"line":37,"column":4},"end":{"line":38,"column":31}},{"start":{"line":39,"column":4},"end":{"line":40,"column":57}},{"start":{"line":41,"column":4},"end":{"line":42,"column":55}},{"start":{"line":43,"column":4},"end":{"line":44,"column":19}}],"line":36},"8":{"loc":{"start":{"line":48,"column":37},"end":{"line":48,"column":47}},"type":"default-arg","locations":[{"start":{"line":48,"column":45},"end":{"line":48,"column":47}}],"line":48},"9":{"loc":{"start":{"line":49,"column":2},"end":{"line":60,"column":3}},"type":"switch","locations":[{"start":{"line":50,"column":4},"end":{"line":51,"column":31}},{"start":{"line":52,"column":4},"end":{"line":53,"column":72}},{"start":{"line":54,"column":4},"end":{"line":55,"column":55}},{"start":{"line":56,"column":4},"end":{"line":57,"column":16}},{"start":{"line":58,"column":4},"end":{"line":59,"column":19}}],"line":49},"10":{"loc":{"start":{"line":63,"column":37},"end":{"line":63,"column":47}},"type":"default-arg","locations":[{"start":{"line":63,"column":45},"end":{"line":63,"column":47}}],"line":63},"11":{"loc":{"start":{"line":64,"column":2},"end":{"line":75,"column":3}},"type":"switch","locations":[{"start":{"line":65,"column":4},"end":{"line":66,"column":31}},{"start":{"line":67,"column":4},"end":{"line":68,"column":47}},{"start":{"line":69,"column":4},"end":{"line":70,"column":55}},{"start":{"line":71,"column":4},"end":{"line":72,"column":16}},{"start":{"line":73,"column":4},"end":{"line":74,"column":19}}],"line":64},"12":{"loc":{"start":{"line":78,"column":37},"end":{"line":78,"column":47}},"type":"default-arg","locations":[{"start":{"line":78,"column":45},"end":{"line":78,"column":47}}],"line":78},"13":{"loc":{"start":{"line":78,"column":49},"end":{"line":78,"column":58}},"type":"default-arg","locations":[{"start":{"line":78,"column":56},"end":{"line":78,"column":58}}],"line":78},"14":{"loc":{"start":{"line":79,"column":2},"end":{"line":90,"column":3}},"type":"switch","locations":[{"start":{"line":80,"column":4},"end":{"line":81,"column":31}},{"start":{"line":82,"column":4},"end":{"line":83,"column":47}},{"start":{"line":84,"column":4},"end":{"line":85,"column":55}},{"start":{"line":86,"column":4},"end":{"line":87,"column":16}},{"start":{"line":88,"column":4},"end":{"line":89,"column":19}}],"line":79}},"s":{"0":0,"1":0,"2":0,"3":0,"4":0,"5":0,"6":0,"7":0,"8":0,"9":0,"10":0,"11":0,"12":0,"13":0,"14":0,"15":0,"16":0,"17":0,"18":0,"19":0,"20":0,"21":0,"22":0,"23":0,"24":0,"25":0,"26":0,"27":0,"28":0,"29":0,"30":0,"31":0,"32":0,"33":0,"34":0,"35":0,"36":0,"37":0,"38":0},"f":{"0":0,"1":0,"2":0,"3":0,"4":0,"5":0},"b":{"0":[0],"1":[0],"2":[0,0,0,0],"3":[0],"4":[0,0,0,0],"5":[0],"6":[0],"7":[0,0,0,0],"8":[0],"9":[0,0,0,0,0],"10":[0],"11":[0,0,0,0,0],"12":[0],"13":[0],"14":[0,0,0,0,0]}}
,"D:\\GitHub\\TRISOUL-Triathlon-E-commerce-REACT-REDUX\\frontend\\src\\redux\\reducers\\userReducers.js": {"path":"D:\\GitHub\\TRISOUL-Triathlon-E-commerce-REACT-REDUX\\frontend\\src\\redux\\reducers\\userReducers.js","statementMap":{"0":{"start":{"line":3,"column":35},"end":{"line":14,"column":1}},"1":{"start":{"line":4,"column":2},"end":{"line":13,"column":3}},"2":{"start":{"line":6,"column":6},"end":{"line":6,"column":31}},"3":{"start":{"line":8,"column":6},"end":{"line":8,"column":58}},"4":{"start":{"line":10,"column":6},"end":{"line":10,"column":55}},"5":{"start":{"line":12,"column":6},"end":{"line":12,"column":19}},"6":{"start":{"line":16,"column":33},"end":{"line":29,"column":1}},"7":{"start":{"line":17,"column":2},"end":{"line":28,"column":3}},"8":{"start":{"line":19,"column":6},"end":{"line":19,"column":31}},"9":{"start":{"line":21,"column":6},"end":{"line":21,"column":58}},"10":{"start":{"line":23,"column":6},"end":{"line":23,"column":55}},"11":{"start":{"line":25,"column":6},"end":{"line":25,"column":16}},"12":{"start":{"line":27,"column":6},"end":{"line":27,"column":19}},"13":{"start":{"line":31,"column":34},"end":{"line":44,"column":1}},"14":{"start":{"line":32,"column":2},"end":{"line":43,"column":3}},"15":{"start":{"line":34,"column":6},"end":{"line":34,"column":31}},"16":{"start":{"line":36,"column":6},"end":{"line":36,"column":54}},"17":{"start":{"line":38,"column":6},"end":{"line":38,"column":55}},"18":{"start":{"line":40,"column":6},"end":{"line":40,"column":31}},"19":{"start":{"line":42,"column":6},"end":{"line":42,"column":19}},"20":{"start":{"line":46,"column":40},"end":{"line":59,"column":1}},"21":{"start":{"line":47,"column":2},"end":{"line":58,"column":3}},"22":{"start":{"line":49,"column":6},"end":{"line":49,"column":31}},"23":{"start":{"line":51,"column":6},"end":{"line":51,"column":47}},"24":{"start":{"line":53,"column":6},"end":{"line":53,"column":55}},"25":{"start":{"line":55,"column":6},"end":{"line":55,"column":16}},"26":{"start":{"line":57,"column":6},"end":{"line":57,"column":19}},"27":{"start":{"line":61,"column":33},"end":{"line":74,"column":1}},"28":{"start":{"line":62,"column":2},"end":{"line":73,"column":3}},"29":{"start":{"line":64,"column":6},"end":{"line":64,"column":31}},"30":{"start":{"line":66,"column":6},"end":{"line":66,"column":47}},"31":{"start":{"line":68,"column":6},"end":{"line":68,"column":55}},"32":{"start":{"line":70,"column":6},"end":{"line":70,"column":16}},"33":{"start":{"line":72,"column":6},"end":{"line":72,"column":19}},"34":{"start":{"line":76,"column":31},"end":{"line":87,"column":1}},"35":{"start":{"line":77,"column":2},"end":{"line":86,"column":3}},"36":{"start":{"line":79,"column":6},"end":{"line":79,"column":31}},"37":{"start":{"line":81,"column":6},"end":{"line":81,"column":55}},"38":{"start":{"line":83,"column":6},"end":{"line":83,"column":55}},"39":{"start":{"line":85,"column":6},"end":{"line":85,"column":19}},"40":{"start":{"line":89,"column":33},"end":{"line":102,"column":1}},"41":{"start":{"line":90,"column":2},"end":{"line":101,"column":3}},"42":{"start":{"line":92,"column":6},"end":{"line":92,"column":31}},"43":{"start":{"line":94,"column":6},"end":{"line":94,"column":47}},"44":{"start":{"line":96,"column":6},"end":{"line":96,"column":55}},"45":{"start":{"line":98,"column":6},"end":{"line":98,"column":16}},"46":{"start":{"line":100,"column":6},"end":{"line":100,"column":19}}},"fnMap":{"0":{"name":"(anonymous_0)","decl":{"start":{"line":3,"column":35},"end":{"line":3,"column":36}},"loc":{"start":{"line":3,"column":62},"end":{"line":14,"column":1}},"line":3},"1":{"name":"(anonymous_1)","decl":{"start":{"line":16,"column":33},"end":{"line":16,"column":34}},"loc":{"start":{"line":16,"column":62},"end":{"line":29,"column":1}},"line":16},"2":{"name":"(anonymous_2)","decl":{"start":{"line":31,"column":34},"end":{"line":31,"column":35}},"loc":{"start":{"line":31,"column":76},"end":{"line":44,"column":1}},"line":31},"3":{"name":"(anonymous_3)","decl":{"start":{"line":46,"column":40},"end":{"line":46,"column":41}},"loc":{"start":{"line":46,"column":67},"end":{"line":59,"column":1}},"line":46},"4":{"name":"(anonymous_4)","decl":{"start":{"line":61,"column":33},"end":{"line":61,"column":34}},"loc":{"start":{"line":61,"column":57},"end":{"line":74,"column":1}},"line":61},"5":{"name":"(anonymous_5)","decl":{"start":{"line":76,"column":31},"end":{"line":76,"column":32}},"loc":{"start":{"line":76,"column":70},"end":{"line":87,"column":1}},"line":76},"6":{"name":"(anonymous_6)","decl":{"start":{"line":89,"column":33},"end":{"line":89,"column":34}},"loc":{"start":{"line":89,"column":57},"end":{"line":102,"column":1}},"line":89}},"branchMap":{"0":{"loc":{"start":{"line":3,"column":36},"end":{"line":3,"column":46}},"type":"default-arg","locations":[{"start":{"line":3,"column":44},"end":{"line":3,"column":46}}],"line":3},"1":{"loc":{"start":{"line":3,"column":48},"end":{"line":3,"column":57}},"type":"default-arg","locations":[{"start":{"line":3,"column":55},"end":{"line":3,"column":57}}],"line":3},"2":{"loc":{"start":{"line":4,"column":2},"end":{"line"
[...]
,"D:\\GitHub\\TRISOUL-Triathlon-E-commerce-REACT-REDUX\\frontend\\src\\views\\ShippingAddressScreen.jsx": {"path":"D:\\GitHub\\TRISOUL-Triathlon-E-commerce-REACT-REDUX\\frontend\\src\\views\\ShippingAddressScreen.jsx","statementMap":{"0":{"start":{"line":8,"column":21},"end":{"line":8,"column":61}},"1":{"start":{"line":8,"column":44},"end":{"line":8,"column":60}},"2":{"start":{"line":9,"column":23},"end":{"line":9,"column":33}},"3":{"start":{"line":10,"column":15},"end":{"line":10,"column":49}},"4":{"start":{"line":10,"column":38},"end":{"line":10,"column":48}},"5":{"start":{"line":11,"column":30},"end":{"line":11,"column":34}},"6":{"start":{"line":12,"column":2},"end":{"line":14,"column":3}},"7":{"start":{"line":13,"column":4},"end":{"line":13,"column":34}},"8":{"start":{"line":15,"column":34},"end":{"line":15,"column":68}},"9":{"start":{"line":16,"column":32},"end":{"line":16,"column":65}},"10":{"start":{"line":17,"column":26},"end":{"line":17,"column":56}},"11":{"start":{"line":18,"column":38},"end":{"line":18,"column":74}},"12":{"start":{"line":19,"column":32},"end":{"line":19,"column":65}},"13":{"start":{"line":20,"column":19},"end":{"line":20,"column":32}},"14":{"start":{"line":21,"column":24},"end":{"line":27,"column":3}},"15":{"start":{"line":22,"column":4},"end":{"line":22,"column":23}},"16":{"start":{"line":23,"column":4},"end":{"line":25,"column":6}},"17":{"start":{"line":26,"column":4},"end":{"line":26,"column":35}},"18":{"start":{"line":28,"column":2},"end":{"line":99,"column":4}},"19":{"start":{"line":43,"column":29},"end":{"line":43,"column":56}},"20":{"start":{"line":54,"column":29},"end":{"line":54,"column":55}},"21":{"start":{"line":65,"column":29},"end":{"line":65,"column":52}},"22":{"start":{"line":76,"column":29},"end":{"line":76,"column":58}},"23":{"start":{"line":87,"column":29},"end":{"line":87,"column":55}}},"fnMap":{"0":{"name":"ShippingAddressScreen","decl":{"start":{"line":7,"column":24},"end":{"line":7,"column":45}},"loc":{"start":{"line":7,"column":53},"end":{"line":100,"column":1}},"line":7},"1":{"name":"(anonymous_1)","decl":{"start":{"line":8,"column":33},"end":{"line":8,"column":34}},"loc":{"start":{"line":8,"column":44},"end":{"line":8,"column":60}},"line":8},"2":{"name":"(anonymous_2)","decl":{"start":{"line":10,"column":27},"end":{"line":10,"column":28}},"loc":{"start":{"line":10,"column":38},"end":{"line":10,"column":48}},"line":10},"3":{"name":"(anonymous_3)","decl":{"start":{"line":21,"column":24},"end":{"line":21,"column":25}},"loc":{"start":{"line":21,"column":31},"end":{"line":27,"column":3}},"line":21},"4":{"name":"(anonymous_4)","decl":{"start":{"line":43,"column":22},"end":{"line":43,"column":23}},"loc":{"start":{"line":43,"column":29},"end":{"line":43,"column":56}},"line":43},"5":{"name":"(anonymous_5)","decl":{"start":{"line":54,"column":22},"end":{"line":54,"column":23}},"loc":{"start":{"line":54,"column":29},"end":{"line":54,"column":55}},"line":54},"6":{"name":"(anonymous_6)","decl":{"start":{"line":65,"column":22},"end":{"line":65,"column":23}},"loc":{"start":{"line":65,"column":29},"end":{"line":65,"column":52}},"line":65},"7":{"name":"(anonymous_7)","decl":{"start":{"line":76,"column":22},"end":{"line":76,"column":23}},"loc":{"start":{"line":76,"column":29},"end":{"line":76,"column":58}},"line":76},"8":{"name":"(anonymous_8)","decl":{"start":{"line":87,"column":22},"end":{"line":87,"column":23}},"loc":{"start":{"line":87,"column":29},"end":{"line":87,"column":55}},"line":87}},"branchMap":{"0":{"loc":{"start":{"line":12,"column":2},"end":{"line":14,"column":3}},"type":"if","locations":[{"start":{"line":12,"column":2},"end":{"line":14,"column":3}},{"start":{"line":12,"column":2},"end":{"line":14,"column":3}}],"line":12}},"s":{"0":0,"1":0,"2":0,"3":0,"4":0,"5":0,"6":0,"7":0,"8":0,"9":0,"10":0,"11":0,"12":0,"13":0,"14":0,"15":0,"16":0,"17":0,"18":0,"19":0,"20":0,"21":0,"22":0,"23":0},"f":{"0":0,"1":0,"2":0,"3":0,"4":0,"5":0,"6":0,"7":0,"8":0},"b":{"0":[0,0]}}
,"D:\\GitHub\\TRISOUL-Triathlon-E-commerce-REACT-REDUX\\frontend\\src\\views\\SigninScreen.jsx": {"path":"D:\\GitHub\\TRISOUL-Triathlon-E-commerce-REACT-REDUX\\frontend\\src\\views\\SigninScreen.jsx","statementMap":{"0":{"start":{"line":9,"column":28},"end":{"line":9,"column":40}},"1":{"start":{"line":10,"column":34},"end":{"line":10,"column":46}},"2":{"start":{"line":12,"column":19},"end":{"line":14,"column":7}},"3":{"start":{"line":16,"column":21},"end":{"line":16,"column":61}},"4":{"start":{"line":16,"column":44},"end":{"line":16,"column":60}},"5":{"start":{"line":17,"column":39},"end":{"line":17,"column":49}},"6":{"start":{"line":19,"column":19},"end":{"line":19,"column":32}},"7":{"start":{"line":20,"column":24},"end":{"line":23,"column":3}},"8":{"start":{"line":21,"column":4},"end":{"line":21,"column":23}},"9":{"start":{"line":22,"column":4},"end":{"line":22,"column":38}},"10":{"start":{"line":25,"column":2},"end":{"line":29,"column":42}},"11":{"start":{"line":26,"column":4},"end":{"line":28,"column":5}},"12":{"start":{"line":27,"column":6},"end":{"line":27,"column":35}},"13":{"start":{"line":31,"column":2},"end":{"line":76,"column":4}},"14":{"start":{"line":46,"column":29},"end":{"line":46,"column":53}},"15":{"start":{"line":56,"column":29},"end":{"line":56,"column":56}}},"fnMap":{"0":{"name":"SigninScreen","decl":{"start":{"line":8,"column":24},"end":{"line":8,"column":36}},"loc":{"start":{"line":8,"column":44},"end":{"line":77,"column":1}},"line":8},"1":{"name":"(anonymous_1)","decl":{"start":{"line":16,"column":33},"end":{"line":16,"column":34}},"loc":{"start":{"line":16,"column":44},"end":{"line":16,"column":60}},"line":16},"2":{"name":"(anonymous_2)","decl":{"start":{"line":20,"column":24},"end":{"line":20,"column":25}},"loc":{"start":{"line":20,"column":31},"end":{"line":23,"column":3}},"line":20},"3":{"name":"(anonymous_3)","decl":{"start":{"line":25,"column":12},"end":{"line":25,"column":13}},"loc":{"start":{"line":25,"column":18},"end":{"line":29,"column":3}},"line":25},"4":{"name":"(anonymous_4)","decl":{"start":{"line":46,"column":22},"end":{"line":46,"column":23}},"loc":{"start":{"line":46,"column":29},"end":{"line":46,"column":53}},"line":46},"5":{"name":"(anonymous_5)","decl":{"start":{"line":56,"column":22},"end":{"line":56,"column":23}},"loc":{"start":{"line":56,"column":29},"end":{"line":56,"column":56}},"line":56}},"branchMap":{"0":{"loc":{"start":{"line":12,"column":19},"end":{"line":14,"column":7}},"type":"cond-expr","locations":[{"start":{"line":13,"column":4},"end":{"line":13,"column":39}},{"start":{"line":14,"column":4},"end":{"line":14,"column":7}}],"line":12},"1":{"loc":{"start":{"line":26,"column":4},"end":{"line":28,"column":5}},"type":"if","locations":[{"start":{"line":26,"column":4},"end":{"line":28,"column":5}},{"start":{"line":26,"column":4},"end":{"line":28,"column":5}}],"line":26},"2":{"loc":{"start":{"line":37,"column":9},"end":{"line":37,"column":33}},"type":"binary-expr","locations":[{"start":{"line":37,"column":9},"end":{"line":37,"column":16}},{"start":{"line":37,"column":20},"end":{"line":37,"column":33}}],"line":37},"3":{"loc":{"start":{"line":38,"column":9},"end":{"line":38,"column":67}},"type":"binary-expr","locations":[{"start":{"line":38,"column":9},"end":{"line":38,"column":14}},{"start":{"line":38,"column":18},"end":{"line":38,"column":67}}],"line":38}},"s":{"0":0,"1":0,"2":0,"3":0,"4":0,"5":0,"6":0,"7":0,"8":0,"9":0,"10":0,"11":0,"12":0,"13":0,"14":0,"15":0},"f":{"0":0,"1":0,"2":0,"3":0,"4":0,"5":0},"b":{"0":[0,0],"1":[0,0],"2":[0,0],"3":[0,0]}}
,"D:\\GitHub\\TRISOUL-Triathlon-E-commerce-REACT-REDUX\\frontend\\src\\views\\UserEditScreen.jsx": {"path":"D:\\GitHub\\TRISOUL-Triathlon-E-commerce-REACT-REDUX\\frontend\\src\\views\\UserEditScreen.jsx","statementMap":{"0":{"start":{"line":11,"column":17},"end":{"line":11,"column":38}},"1":{"start":{"line":12,"column":26},"end":{"line":12,"column":38}},"2":{"start":{"line":13,"column":28},"end":{"line":13,"column":40}},"3":{"start":{"line":14,"column":34},"end":{"line":14,"column":49}},"4":{"start":{"line":15,"column":32},"end":{"line":15,"column":47}},"5":{"start":{"line":17,"column":22},"end":{"line":17,"column":63}},"6":{"start":{"line":17,"column":45},"end":{"line":17,"column":62}},"7":{"start":{"line":18,"column":35},"end":{"line":18,"column":46}},"8":{"start":{"line":20,"column":21},"end":{"line":20,"column":61}},"9":{"start":{"line":20,"column":44},"end":{"line":20,"column":60}},"10":{"start":{"line":25,"column":6},"end":{"line":25,"column":16}},"11":{"start":{"line":27,"column":19},"end":{"line":27,"column":32}},"12":{"start":{"line":28,"column":2},"end":{"line":41,"column":61}},"13":{"start":{"line":29,"column":4},"end":{"line":32,"column":5}},"14":{"start":{"line":30,"column":6},"end":{"line":30,"column":56}},"15":{"start":{"line":31,"column":6},"end":{"line":31,"column":38}},"16":{"start":{"line":33,"column":4},"end":{"line":40,"column":5}},"17":{"start":{"line":34,"column":6},"end":{"line":34,"column":36}},"18":{"start":{"line":36,"column":6},"end":{"line":36,"column":25}},"19":{"start":{"line":37,"column":6},"end":{"line":37,"column":27}},"20":{"start":{"line":38,"column":6},"end":{"line":38,"column":33}},"21":{"start":{"line":39,"column":6},"end":{"line":39,"column":31}},"22":{"start":{"line":43,"column":24},"end":{"line":47,"column":3}},"23":{"start":{"line":44,"column":4},"end":{"line":44,"column":23}},"24":{"start":{"line":46,"column":4},"end":{"line":46,"column":74}},"25":{"start":{"line":49,"column":2},"end":{"line":112,"column":4}},"26":{"start":{"line":72,"column":33},"end":{"line":72,"column":56}},"27":{"start":{"line":82,"column":33},"end":{"line":82,"column":57}},"28":{"start":{"line":91,"column":33},"end":{"line":91,"column":62}},"29":{"start":{"line":100,"column":33},"end":{"line":100,"column":61}}},"fnMap":{"0":{"name":"UserEditScreen","decl":{"start":{"line":10,"column":24},"end":{"line":10,"column":38}},"loc":{"start":{"line":10,"column":46},"end":{"line":113,"column":1}},"line":10},"1":{"name":"(anonymous_1)","decl":{"start":{"line":17,"column":34},"end":{"line":17,"column":35}},"loc":{"start":{"line":17,"column":45},"end":{"line":17,"column":62}},"line":17},"2":{"name":"(anonymous_2)","decl":{"start":{"line":20,"column":33},"end":{"line":20,"column":34}},"loc":{"start":{"line":20,"column":44},"end":{"line":20,"column":60}},"line":20},"3":{"name":"(anonymous_3)","decl":{"start":{"line":28,"column":12},"end":{"line":28,"column":13}},"loc":{"start":{"line":28,"column":18},"end":{"line":41,"column":3}},"line":28},"4":{"name":"(anonymous_4)","decl":{"start":{"line":43,"column":24},"end":{"line":43,"column":25}},"loc":{"start":{"line":43,"column":31},"end":{"line":47,"column":3}},"line":43},"5":{"name":"(anonymous_5)","decl":{"start":{"line":72,"column":26},"end":{"line":72,"column":27}},"loc":{"start":{"line":72,"column":33},"end":{"line":72,"column":56}},"line":72},"6":{"name":"(anonymous_6)","decl":{"start":{"line":82,"column":26},"end":{"line":82,"column":27}},"loc":{"start":{"line":82,"column":33},"end":{"line":82,"column":57}},"line":82},"7":{"name":"(anonymous_7)","decl":{"start":{"line":91,"column":26},"end":{"line":91,"column":27}},"loc":{"start":{"line":91,"column":33},"end":{"line":91,"column":62}},"line":91},"8":{"name":"(anonymous_8)","decl":{"start":{"line":100,"column":26},"end":{"line":100,"column":27}},"loc":{"start":{"line":100,"column":33},"end":{"line":100,"column":61}},"line":100}},"branchMap":{"0":{"loc":{"start":{"line":29,"column":4},"end":{"line":32,"column":5}},"type":"if","locations":[{"start":{"line":29,"column":4},"end":{"line":32,"column":5}},{"start":{"line":29,"column":4},"end":{"line":32,"column":5}}],"line":29},"1":{"loc":{"start":{"line":33,"column":4},"end":{"line":40,"column":5}},"type":"if","locations":[{"start":{"line":33,"column":4},"end":{"line":40,"column":5}},{"start":{"line":33,"column":4},"end":{"line":40,"column":5}}],"line":33},"2":{"loc":{"start":{"line":54,"column":11},"end":{"line":54,"column":53}},"type":"binary-expr","locations":[{"start":{"line":54,"column":11},"end":{"line":54,"column":24}},{"start":{"line":54,"column":28},"end":{"line":54,"column":53}}],"line":54},"3":{"loc":{"start":{"line":55,"column":11},"end":{"line":57,"column":11}},"type":"binary-expr","locations":[{"start":{"line":55,"column":11},"end":{"line":55,"column":22}},{"start":{"line":56,"column":12},"end":{"line":56,"column":67}}],"line":55},"4":{"loc":{"start":{"line":59,"column":9},"end":{"line":109,"column":9}},"type":"cond-expr","locations":[{"start":{"line":60,"column":10},"end":{"line":60,"column":24}},{"start":{"line":61,"column":12},"end":{"line":109,"column":9}}],"line":59},"5":{"loc":{"start":{"line":61,"column":12},"end":{"line":109,"column":9}},"type":"cond-expr","locations":[{"start":{"line":62,"column":10},"end":{"line":62,"column":59}},{"start":{"line":64,"column":10},"end":{"line":108,"column":13}}],"line":61}},"s":{"0":0,"1":0,"2":0,"3":0,"4":0,"5":0,"6":0,"7":0,"8":0,"9":0,"10":0,"11":0,"12":0,"13":0,"14":0,"15":0,"16":0,"17":0,"18":0,"19":0,"20":0,"21":0,"22":0,"23":0,"24":0,"25":0,"26":0,"27":0,"28":0,"29":0},"f":{"0":0,"1":0,"2":0,"3":0,"4":0,"5":0,"6":0,"7":0,"8":0},"b":{"0":[0,0],"1":[0,0],"2":[0,0],"3":[0,0],"4":[0,0],"5":[0,0]}}
,"D:\\GitHub\\TRISOUL-Triathlon-E-commerce-REACT-REDUX\\frontend\\src\\views\\UserListScreen.jsx": {"path":"D:\\GitHub\\TRISOUL-Triathlon-E-commerce-REACT-REDUX\\frontend\\src\\views\\UserListScreen.jsx","statementMap":{"0":{"start":{"line":9,"column":19},"end":{"line":9,"column":32}},"1":{"start":{"line":11,"column":19},"end":{"line":11,"column":57}},"2":{"start":{"line":11,"column":42},"end":{"line":11,"column":56}},"3":{"start":{"line":12,"column":36},"end":{"line":12,"column":44}},"4":{"start":{"line":14,"column":21},"end":{"line":14,"column":61}},"5":{"start":{"line":14,"column":44},"end":{"line":14,"column":60}},"6":{"start":{"line":19,"column":6},"end":{"line":19,"column":16}},"7":{"start":{"line":21,"column":2},"end":{"line":26,"column":32}},"8":{"start":{"line":22,"column":4},"end":{"line":22,"column":26}},"9":{"start":{"line":23,"column":4},"end":{"line":25,"column":7}},"10":{"start":{"line":28,"column":24},"end":{"line":32,"column":3}},"11":{"start":{"line":29,"column":4},"end":{"line":31,"column":5}},"12":{"start":{"line":30,"column":6},"end":{"line":30,"column":37}},"13":{"start":{"line":34,"column":2},"end":{"line":88,"column":4}},"14":{"start":{"line":60,"column":14},"end":{"line":82,"column":19}},"15":{"start":{"line":70,"column":35},"end":{"line":70,"column":79}},"16":{"start":{"line":77,"column":35},"end":{"line":77,"column":54}}},"fnMap":{"0":{"name":"UserListScreen","decl":{"start":{"line":8,"column":24},"end":{"line":8,"column":38}},"loc":{"start":{"line":8,"column":46},"end":{"line":89,"column":1}},"line":8},"1":{"name":"(anonymous_1)","decl":{"start":{"line":11,"column":31},"end":{"line":11,"column":32}},"loc":{"start":{"line":11,"column":42},"end":{"line":11,"column":56}},"line":11},"2":{"name":"(anonymous_2)","decl":{"start":{"line":14,"column":33},"end":{"line":14,"column":34}},"loc":{"start":{"line":14,"column":44},"end":{"line":14,"column":60}},"line":14},"3":{"name":"(anonymous_3)","decl":{"start":{"line":21,"column":12},"end":{"line":21,"column":13}},"loc":{"start":{"line":21,"column":18},"end":{"line":26,"column":3}},"line":21},"4":{"name":"(anonymous_4)","decl":{"start":{"line":28,"column":24},"end":{"line":28,"column":25}},"loc":{"start":{"line":28,"column":34},"end":{"line":32,"column":3}},"line":28},"5":{"name":"(anonymous_5)","decl":{"start":{"line":59,"column":23},"end":{"line":59,"column":24}},"loc":{"start":{"line":60,"column":14},"end":{"line":82,"column":19}},"line":60},"6":{"name":"(anonymous_6)","decl":{"start":{"line":70,"column":29},"end":{"line":70,"column":30}},"loc":{"start":{"line":70,"column":35},"end":{"line":70,"column":79}},"line":70},"7":{"name":"(anonymous_7)","decl":{"start":{"line":77,"column":29},"end":{"line":77,"column":30}},"loc":{"start":{"line":77,"column":35},"end":{"line":77,"column":54}},"line":77}},"branchMap":{"0":{"loc":{"start":{"line":29,"column":4},"end":{"line":31,"column":5}},"type":"if","locations":[{"start":{"line":29,"column":4},"end":{"line":31,"column":5}},{"start":{"line":29,"column":4},"end":{"line":31,"column":5}}],"line":29},"1":{"loc":{"start":{"line":37,"column":7},"end":{"line":37,"column":49}},"type":"binary-expr","locations":[{"start":{"line":37,"column":7},"end":{"line":37,"column":20}},{"start":{"line":37,"column":24},"end":{"line":37,"column":49}}],"line":37},"2":{"loc":{"start":{"line":38,"column":7},"end":{"line":38,"column":77}},"type":"binary-expr","locations":[{"start":{"line":38,"column":7},"end":{"line":38,"column":18}},{"start":{"line":38,"column":22},"end":{"line":38,"column":77}}],"line":38},"3":{"loc":{"start":{"line":39,"column":7},"end":{"line":41,"column":7}},"type":"binary-expr","locations":[{"start":{"line":39,"column":7},"end":{"line":39,"column":20}},{"start":{"line":40,"column":8},"end":{"line":40,"column":76}}],"line":39},"4":{"loc":{"start":{"line":42,"column":7},"end":{"line":86,"column":7}},"type":"cond-expr","locations":[{"start":{"line":43,"column":8},"end":{"line":43,"column":33}},{"start":{"line":44,"column":10},"end":{"line":86,"column":7}}],"line":42},"5":{"loc":{"start":{"line":44,"column":10},"end":{"line":86,"column":7}},"type":"cond-expr","locations":[{"start":{"line":45,"column":8},"end":{"line":45,"column":57}},{"start":{"line":47,"column":8},"end":{"line":85,"column":16}}],"line":44},"6":{"loc":{"start":{"line":64,"column":21},"end":{"line":64,"column":50}},"type":"cond-expr","locations":[{"start":{"line":64,"column":37},"end":{"line":64,"column":42}},{"start":{"line":64,"column":45},"end":{"line":64,"column":50}}],"line":64},"7":{"loc":{"start":{"line":65,"column":21},"end":{"line":65,"column":48}},"type":"cond-expr","locations":[{"start":{"line":65,"column":36},"end":{"line":65,"column":41}},{"start":{"line":65,"column":44},"end":{"line":65,"column":48}}],"line":65}},"s":{"0":0,"1":0,"2":0,"3":0,"4":0,"5":0,"6":0,"7":0,"8":0,"9":0,"10":0,"11":0,"12":0,"13":0,"14":0,"15":0,"16":0},"f":{"0":0,"1":0,"2":0,"3":0,"4":0,"5":0,"6":0,"7":0},"b":{"0":[0,0],"1":[0,0],"2":[0,0],"3":[0,0],"4":[0,0],"5":[0,0],"6":[0,0],"7":[0,0]}}
}
